<?xml version="1.0" encoding="UTF-8"?>
<testsuite xmlns:xsi="http://www.w3.org/2001/XMLSchema-instance" xsi:noNamespaceSchemaLocation="https://maven.apache.org/surefire/maven-surefire-plugin/xsd/surefire-test-report-3.0.xsd" version="3.0" name="runner.TestRunner" time="14.114" tests="20" errors="0" skipped="0" failures="0">
  <properties>
[...]
</properties>
  <testcase name="[1:8] Consultar informacion de un pais" classname="api/graphql/countries" time="3.621">
    <system-out><![CDATA[09:40:53.966 [main] DEBUG com.jayway.jsonpath.internal.path.CompiledPath -- Evaluating path: $
09:40:54.020 [main] DEBUG io.netty.util.internal.logging.InternalLoggerFactory -- Using SLF4J as the default logging framework
09:40:54.027 [main] DEBUG io.netty.util.internal.PlatformDependent0 -- -Dio.netty.noUnsafe: false
09:40:54.027 [main] DEBUG io.netty.util.internal.PlatformDependent0 -- Java version: 21
09:40:54.027 [main] DEBUG io.netty.util.internal.PlatformDependent0 -- sun.misc.Unsafe.theUnsafe: available
09:40:54.029 [main] DEBUG io.netty.util.internal.PlatformDependent0 -- sun.misc.Unsafe.copyMemory: available
09:40:54.029 [main] DEBUG io.netty.util.internal.PlatformDependent0 -- sun.misc.Unsafe.storeFence: available
09:40:54.031 [main] DEBUG io.netty.util.internal.PlatformDependent0 -- java.nio.Buffer.address: available
09:40:54.031 [main] DEBUG io.netty.util.internal.PlatformDependent0 -- direct buffer constructor: unavailable: Reflective setAccessible(true) disabled
09:40:54.033 [main] DEBUG io.netty.util.internal.PlatformDependent0 -- java.nio.Bits.unaligned: available, true
09:40:54.035 [main] DEBUG io.netty.util.internal.PlatformDependent0 -- jdk.internal.misc.Unsafe.allocateUninitializedArray(int): unavailable: class io.netty.util.internal.PlatformDependent0$7 cannot access class jdk.internal.misc.Unsafe (in module java.base) because module java.base does not export jdk.internal.misc to unnamed module @372f7a8d
09:40:54.035 [main] DEBUG io.netty.util.internal.PlatformDependent0 -- java.nio.DirectByteBuffer.<init>(long, {int,long}): unavailable
09:40:54.035 [main] DEBUG io.netty.util.internal.PlatformDependent -- sun.misc.Unsafe: available
09:40:54.035 [main] DEBUG io.netty.util.internal.PlatformDependent -- maxDirectMemory: 4196401152 bytes (maybe)
09:40:54.041 [main] DEBUG io.netty.util.internal.PlatformDependent -- -Dio.netty.tmpdir: C:\Users\HHERRE~1\AppData\Local\Temp (java.io.tmpdir)
09:40:54.041 [main] DEBUG io.netty.util.internal.PlatformDependent -- -Dio.netty.bitMode: 64 (sun.arch.data.model)
09:40:54.041 [main] DEBUG io.netty.util.internal.PlatformDependent -- Platform: Windows
09:40:54.041 [main] DEBUG io.netty.util.internal.PlatformDependent -- -Dio.netty.maxDirectMemory: -1 bytes
09:40:54.041 [main] DEBUG io.netty.util.internal.PlatformDependent -- -Dio.netty.uninitializedArrayAllocationThreshold: -1
09:40:54.041 [main] DEBUG io.netty.util.internal.CleanerJava9 -- java.nio.ByteBuffer.cleaner(): available
09:40:54.041 [main] DEBUG io.netty.util.internal.PlatformDependent -- -Dio.netty.noPreferDirect: false
09:40:54.637 [main] DEBUG org.apache.http.client.protocol.RequestAddCookies -- CookieSpec selected: karate
09:40:54.659 [main] DEBUG org.apache.http.client.protocol.RequestAuthCache -- Auth cache not set in the context
09:40:54.663 [main] DEBUG com.intuit.karate -- request:
1 > POST https://countries.trevorblades.com/graphql
1 > Content-Type: application/json; charset=UTF-8
1 > Content-Length: 82
1 > Host: countries.trevorblades.com
1 > Connection: Keep-Alive
1 > User-Agent: Apache-HttpClient/4.5.14 (Java/21.0.10)
1 > Accept-Encoding: gzip,deflate
{"query":"{ country(code: \"ES\") { name capital currency languages { name } } }"}

09:40:54.667 [main] DEBUG org.apache.http.impl.conn.PoolingHttpClientConnectionManager -- Connection request: [route: {s}->https://countries.trevorblades.com:443][total available: 0; route allocated: 0 of 5; total allocated: 0 of 10]
09:40:54.714 [main] DEBUG org.apache.http.impl.conn.PoolingHttpClientConnectionManager -- Connection leased: [id: 0][route: {s}->https://countries.trevorblades.com:443][total available: 0; route allocated: 1 of 5; total allocated: 1 of 10]
09:40:54.718 [main] DEBUG org.apache.http.impl.execchain.MainClientExec -- Opening connection {s}->https://countries.trevorblades.com:443
09:40:54.800 [main] DEBUG org.apache.http.impl.conn.DefaultHttpClientConnectionOperator -- Connecting to countries.trevorblades.com/199.232.33.51:443
09:40:54.801 [main] DEBUG org.apache.http.conn.ssl.SSLConnectionSocketFactory -- Connecting socket to countries.trevorblades.com/199.232.33.51:443 with timeout 30000
09:40:54.871 [main] DEBUG org.apache.http.conn.ssl.SSLConnectionSocketFactory -- Enabled protocols: [TLSv1.3, TLSv1.2]
09:40:54.873 [main] DEBUG org.apache.http.conn.ssl.SSLConnectionSocketFactory -- Enabled cipher suites:[TLS_AES_256_GCM_SHA384, TLS_AES_128_GCM_SHA256, TLS_CHACHA20_POLY1305_SHA256, TLS_ECDHE_ECDSA_WITH_AES_256_GCM_SHA384, TLS_ECDHE_ECDSA_WITH_AES_128_GCM_SHA256, TLS_ECDHE_ECDSA_WITH_CHACHA20_POLY1305_SHA256, TLS_ECDHE_RSA_WITH_AES_256_GCM_SHA384, TLS_ECDHE_RSA_WITH_CHACHA20_POLY1305_SHA256, TLS_ECDHE_RSA_WITH_AES_128_GCM_SHA256, TLS_DHE_RSA_WITH_AES_256_GCM_SHA384, TLS_DHE_RSA_WITH_CHACHA20_POLY1305_SHA256, TLS_DHE_DSS_WITH_AES_256_GCM_SHA384, TLS_DHE_RSA_WITH_AES_128_GCM_SHA256, TLS_DHE_DSS_WITH_AES_128_GCM_SHA256, TLS_ECDHE_ECDSA_WITH_AES_256_CBC_SHA384, TLS_ECDHE_RSA_WITH_AES_256_CBC_SHA384, TLS_ECDHE_ECDSA_WITH_AES_128_CBC_SHA256, TLS_ECDHE_RSA_WITH_AES_128_CBC_SHA256, TLS_DHE_RSA_WITH_AES_256_CBC_SHA256, TLS_DHE_DSS_WITH_AES_256_CBC_SHA256, TLS_DHE_RSA_WITH_AES_128_CBC_SHA256, TLS_DHE_DSS_WITH_AES_128_CBC_SHA256, TLS_ECDHE_ECDSA_WITH_AES_256_CBC_SHA, TLS_ECDHE_RSA_WITH_AES_256_CBC_SHA, TLS_ECDHE_ECDSA_WITH_AES_128_CBC_SHA, TLS_ECDHE_RSA_WITH_AES_128_CBC_SHA, TLS_DHE_RSA_WITH_AES_256_CBC_SHA, TLS_DHE_DSS_WITH_AES_256_CBC_SHA, TLS_DHE_RSA_WITH_AES_128_CBC_SHA, TLS_DHE_DSS_WITH_AES_128_CBC_SHA, TLS_EMPTY_RENEGOTIATION_INFO_SCSV]
09:40:54.873 [main] DEBUG org.apache.http.conn.ssl.SSLConnectionSocketFactory -- Starting handshake
09:40:55.165 [main] DEBUG org.apache.http.conn.ssl.SSLConnectionSocketFactory -- Secure session established
09:40:55.165 [main] DEBUG org.apache.http.conn.ssl.SSLConnectionSocketFactory --  negotiated protocol: TLSv1.3
09:40:55.165 [main] DEBUG org.apache.http.conn.ssl.SSLConnectionSocketFactory --  negotiated cipher suite: TLS_AES_128_GCM_SHA256
09:40:55.165 [main] DEBUG org.apache.http.conn.ssl.SSLConnectionSocketFactory --  peer principal: CN=countries.trevorblades.com
09:40:55.167 [main] DEBUG org.apache.http.conn.ssl.SSLConnectionSocketFactory --  peer alternative names: [countries.trevorblades.com]
09:40:55.167 [main] DEBUG org.apache.http.conn.ssl.SSLConnectionSocketFactory --  issuer principal: CN=R12, O=Let's Encrypt, C=US
09:40:55.173 [main] DEBUG org.apache.http.impl.conn.DefaultHttpClientConnectionOperator -- Connection established 192.168.1.215:55989<->199.232.33.51:443
09:40:55.174 [main] DEBUG org.apache.http.impl.conn.DefaultManagedHttpClientConnection -- http-outgoing-0: set socket timeout to 30000
09:40:55.174 [main] DEBUG org.apache.http.impl.execchain.MainClientExec -- Executing request POST /graphql HTTP/1.1
09:40:55.174 [main] DEBUG org.apache.http.impl.execchain.MainClientExec -- Target auth state: UNCHALLENGED
09:40:55.174 [main] DEBUG org.apache.http.impl.execchain.MainClientExec -- Proxy auth state: UNCHALLENGED
09:40:55.174 [main] DEBUG org.apache.http.headers -- http-outgoing-0 >> POST /graphql HTTP/1.1
09:40:55.174 [main] DEBUG org.apache.http.headers -- http-outgoing-0 >> Content-Type: application/json; charset=UTF-8
09:40:55.174 [main] DEBUG org.apache.http.headers -- http-outgoing-0 >> Content-Length: 82
09:40:55.174 [main] DEBUG org.apache.http.headers -- http-outgoing-0 >> Host: countries.trevorblades.com
09:40:55.174 [main] DEBUG org.apache.http.headers -- http-outgoing-0 >> Connection: Keep-Alive
09:40:55.174 [main] DEBUG org.apache.http.headers -- http-outgoing-0 >> User-Agent: Apache-HttpClient/4.5.14 (Java/21.0.10)
09:40:55.181 [main] DEBUG org.apache.http.headers -- http-outgoing-0 >> Accept-Encoding: gzip,deflate
09:40:55.181 [main] DEBUG org.apache.http.wire -- http-outgoing-0 >> "POST /graphql HTTP/1.1[\r][\n]"
09:40:55.181 [main] DEBUG org.apache.http.wire -- http-outgoing-0 >> "Content-Type: application/json; charset=UTF-8[\r][\n]"
09:40:55.181 [main] DEBUG org.apache.http.wire -- http-outgoing-0 >> "Content-Length: 82[\r][\n]"
09:40:55.181 [main] DEBUG org.apache.http.wire -- http-outgoing-0 >> "Host: countries.trevorblades.com[\r][\n]"
09:40:55.181 [main] DEBUG org.apache.http.wire -- http-outgoing-0 >> "Connection: Keep-Alive[\r][\n]"
09:40:55.181 [main] DEBUG org.apache.http.wire -- http-outgoing-0 >> "User-Agent: Apache-HttpClient/4.5.14 (Java/21.0.10)[\r][\n]"
09:40:55.181 [main] DEBUG org.apache.http.wire -- http-outgoing-0 >> "Accept-Encoding: gzip,deflate[\r][\n]"
09:40:55.181 [main] DEBUG org.apache.http.wire -- http-outgoing-0 >> "[\r][\n]"
09:40:55.181 [main] DEBUG org.apache.http.wire -- http-outgoing-0 >> "{"query":"{ country(code: \"ES\") { name capital currency languages { name } } }"}"
09:40:55.236 [main] DEBUG org.apache.http.wire -- http-outgoing-0 << "HTTP/1.1 200 [\r][\n]"
09:40:55.236 [main] DEBUG org.apache.http.wire -- http-outgoing-0 << "Connection: keep-alive[\r][\n]"
09:40:55.237 [main] DEBUG org.apache.http.wire -- http-outgoing-0 << "Content-Length: 136[\r][\n]"
09:40:55.237 [main] DEBUG org.apache.http.wire -- http-outgoing-0 << "x-served-by: cache-toj-leto2350079-TOJ, cache-toj-leto2350063-TOJ[\r][\n]"
09:40:55.237 [main] DEBUG org.apache.http.wire -- http-outgoing-0 << "accept-ranges: bytes[\r][\n]"
09:40:55.237 [main] DEBUG org.apache.http.wire -- http-outgoing-0 << "date: Mon, 01 Jun 2026 07:39:26 GMT[\r][\n]"
09:40:55.237 [main] DEBUG org.apache.http.wire -- http-outgoing-0 << "content-type: application/json; charset=utf-8[\r][\n]"
09:40:55.238 [main] DEBUG org.apache.http.wire -- http-outgoing-0 << "access-control-max-age: 600[\r][\n]"
09:40:55.238 [main] DEBUG org.apache.http.wire -- http-outgoing-0 << "vary: accept-encoding[\r][\n]"
09:40:55.238 [main] DEBUG org.apache.http.wire -- http-outgoing-0 << "access-control-expose-headers: *[\r][\n]"
09:40:55.238 [main] DEBUG org.apache.http.wire -- http-outgoing-0 << "alt-svc: h3=":443"; ma=86400[\r][\n]"
09:40:55.238 [main] DEBUG org.apache.http.wire -- http-outgoing-0 << "access-control-allow-credentials: true[\r][\n]"
09:40:55.238 [main] DEBUG org.apache.http.wire -- http-outgoing-0 << "access-control-allow-methods: POST, GET, HEAD, OPTIONS[\r][\n]"
09:40:55.240 [main] DEBUG org.apache.http.wire -- http-outgoing-0 << "access-control-allow-headers: *[\r][\n]"
09:40:55.240 [main] DEBUG org.apache.http.wire -- http-outgoing-0 << "access-control-allow-origin: *[\r][\n]"
09:40:55.240 [main] DEBUG org.apache.http.wire -- http-outgoing-0 << "x-powered-by: Stellate[\r][\n]"
09:40:55.240 [main] DEBUG org.apache.http.wire -- http-outgoing-0 << "cache-control: public, s-maxage=2628000, stale-while-revalidate=2628000[\r][\n]"
09:40:55.240 [main] DEBUG org.apache.http.wire -- http-outgoing-0 << "age: 89[\r][\n]"
09:40:55.240 [main] DEBUG org.apache.http.wire -- http-outgoing-0 << "x-cache-hits: 2[\r][\n]"
09:40:55.240 [main] DEBUG org.apache.http.wire -- http-outgoing-0 << "x-cache: HIT[\r][\n]"
09:40:55.241 [main] DEBUG org.apache.http.wire -- http-outgoing-0 << "gcdn-cache: HIT[\r][\n]"
09:40:55.241 [main] DEBUG org.apache.http.wire -- http-outgoing-0 << "stellate-rate-limit-budget-remaining: 49[\r][\n]"
09:40:55.241 [main] DEBUG org.apache.http.wire -- http-outgoing-0 << "stellate-rate-limit-rules: "IP limit";type="RequestCount";budget=50;limited=?0;remaining=49;refill=60[\r][\n]"
09:40:55.242 [main] DEBUG org.apache.http.wire -- http-outgoing-0 << "stellate-rate-limit-decision: pass[\r][\n]"
09:40:55.242 [main] DEBUG org.apache.http.wire -- http-outgoing-0 << "stellate-rate-limit-budget-required: 10[\r][\n]"
09:40:55.242 [main] DEBUG org.apache.http.wire -- http-outgoing-0 << "content-encoding: gzip[\r][\n]"
09:40:55.242 [main] DEBUG org.apache.http.wire -- http-outgoing-0 << "[\r][\n]"
09:40:55.248 [main] DEBUG org.apache.http.headers -- http-outgoing-0 << HTTP/1.1 200 
09:40:55.249 [main] DEBUG org.apache.http.headers -- http-outgoing-0 << Connection: keep-alive
09:40:55.249 [main] DEBUG org.apache.http.headers -- http-outgoing-0 << Content-Length: 136
09:40:55.249 [main] DEBUG org.apache.http.headers -- http-outgoing-0 << x-served-by: cache-toj-leto2350079-TOJ, cache-toj-leto2350063-TOJ
09:40:55.249 [main] DEBUG org.apache.http.headers -- http-outgoing-0 << accept-ranges: bytes
09:40:55.249 [main] DEBUG org.apache.http.headers -- http-outgoing-0 << date: Mon, 01 Jun 2026 07:39:26 GMT
09:40:55.249 [main] DEBUG org.apache.http.headers -- http-outgoing-0 << content-type: application/json; charset=utf-8
09:40:55.249 [main] DEBUG org.apache.http.headers -- http-outgoing-0 << access-control-max-age: 600
09:40:55.249 [main] DEBUG org.apache.http.headers -- http-outgoing-0 << vary: accept-encoding
09:40:55.249 [main] DEBUG org.apache.http.headers -- http-outgoing-0 << access-control-expose-headers: *
09:40:55.249 [main] DEBUG org.apache.http.headers -- http-outgoing-0 << alt-svc: h3=":443"; ma=86400
09:40:55.249 [main] DEBUG org.apache.http.headers -- http-outgoing-0 << access-control-allow-credentials: true
09:40:55.250 [main] DEBUG org.apache.http.headers -- http-outgoing-0 << access-control-allow-methods: POST, GET, HEAD, OPTIONS
09:40:55.250 [main] DEBUG org.apache.http.headers -- http-outgoing-0 << access-control-allow-headers: *
09:40:55.250 [main] DEBUG org.apache.http.headers -- http-outgoing-0 << access-control-allow-origin: *
09:40:55.250 [main] DEBUG org.apache.http.headers -- http-outgoing-0 << x-powered-by: Stellate
09:40:55.250 [main] DEBUG org.apache.http.headers -- http-outgoing-0 << cache-control: public, s-maxage=2628000, stale-while-revalidate=2628000
09:40:55.250 [main] DEBUG org.apache.http.headers -- http-outgoing-0 << age: 89
09:40:55.250 [main] DEBUG org.apache.http.headers -- http-outgoing-0 << x-cache-hits: 2
09:40:55.250 [main] DEBUG org.apache.http.headers -- http-outgoing-0 << x-cache: HIT
09:40:55.250 [main] DEBUG org.apache.http.headers -- http-outgoing-0 << gcdn-cache: HIT
09:40:55.250 [main] DEBUG org.apache.http.headers -- http-outgoing-0 << stellate-rate-limit-budget-remaining: 49
09:40:55.250 [main] DEBUG org.apache.http.headers -- http-outgoing-0 << stellate-rate-limit-rules: "IP limit";type="RequestCount";budget=50;limited=?0;remaining=49;refill=60
09:40:55.250 [main] DEBUG org.apache.http.headers -- http-outgoing-0 << stellate-rate-limit-decision: pass
09:40:55.250 [main] DEBUG org.apache.http.headers -- http-outgoing-0 << stellate-rate-limit-budget-required: 10
09:40:55.250 [main] DEBUG org.apache.http.headers -- http-outgoing-0 << content-encoding: gzip
09:40:55.256 [main] DEBUG org.apache.http.impl.execchain.MainClientExec -- Connection can be kept alive indefinitely
09:40:55.265 [main] DEBUG org.apache.http.wire -- http-outgoing-0 << "[0x1f][0x8b][0x8][0x0][0x0][0x0][0x0][0x0][0x0][0xff]U[0xce][0xbd][\n]"
09:40:55.265 [main] DEBUG org.apache.http.wire -- http-outgoing-0 << "B1[0xc][0x5][0xe0]w[0xc9][0xdc]'[0xe8][0xa8][0x88][0x93][0x8][0x8a][0x93]8[0x1c][0xd2]r[\r][0xd4]x[0xed][0xcf] [0xa5][0xef]np[0x90][0xba][0x85][0xef][0x90][0xe4]t[\n]"
09:40:55.265 [main] DEBUG org.apache.http.wire -- http-outgoing-0 << "[0xa8] [0xdf][0x89][0x9f]Mk~G[0xac]R[0x91][0xc8][0xd3][0x1]!K G[0xdc]r[0x8e][0xca][0x16][0xd3][0xee]r2H[0xd0][0xa5]a[0x89][0x85][0xfc][0xb5][0x93][0xe2][0x11]-:[0xaf]P)w[0x1a][0xee]G[0x1b][0x94]W[0x8b][0xb3]l[0xed][0xa1]m[0xcf][0xb4]G[0x12][0x96];2[[0x9][0xa3][0x9b][0x9b][0xce][0x8b][0xc1][0x18][0x1f]fl[0xd3][0xef][0xb6][0x0][0x0][0x0]"
09:40:55.267 [main] DEBUG org.apache.http.impl.conn.DefaultManagedHttpClientConnection -- http-outgoing-0: Close connection
09:40:55.274 [main] DEBUG org.apache.http.impl.execchain.MainClientExec -- Connection discarded
09:40:55.274 [main] DEBUG org.apache.http.impl.conn.PoolingHttpClientConnectionManager -- Connection released: [id: 0][route: {s}->https://countries.trevorblades.com:443][total available: 0; route allocated: 0 of 5; total allocated: 0 of 10]
09:40:55.274 [main] DEBUG org.apache.http.impl.conn.PoolingHttpClientConnectionManager -- Connection manager is shutting down
09:40:55.277 [main] DEBUG org.apache.http.impl.conn.PoolingHttpClientConnectionManager -- Connection manager shut down
09:40:55.277 [main] DEBUG com.intuit.karate -- response time in milliseconds: 604
1 < 200
1 < Connection: keep-alive
1 < x-served-by: cache-toj-leto2350079-TOJ, cache-toj-leto2350063-TOJ
1 < accept-ranges: bytes
1 < date: Mon, 01 Jun 2026 07:39:26 GMT
1 < content-type: application/json; charset=utf-8
1 < access-control-max-age: 600
1 < vary: accept-encoding
1 < access-control-expose-headers: *
1 < alt-svc: h3=":443"; ma=86400
1 < access-control-allow-credentials: true
1 < access-control-allow-methods: POST, GET, HEAD, OPTIONS
1 < access-control-allow-headers: *
1 < access-control-allow-origin: *
1 < x-powered-by: Stellate
1 < cache-control: public, s-maxage=2628000, stale-while-revalidate=2628000
1 < age: 89
1 < x-cache-hits: 2
1 < x-cache: HIT
1 < gcdn-cache: HIT
1 < stellate-rate-limit-budget-remaining: 49
1 < stellate-rate-limit-rules: "IP limit";type="RequestCount";budget=50;limited=?0;remaining=49;refill=60
1 < stellate-rate-limit-decision: pass
1 < stellate-rate-limit-budget-required: 10
{"data":{"country":{"capital":"Madrid","currency":"EUR","languages":[{"name":"Spanish"},{"name":"Basque"},{"name":"Catalan"},{"name":"Galician"},{"name":"Occitan"}],"name":"Spain"}}}

09:40:55.378 [main] DEBUG com.jayway.jsonpath.internal.path.CompiledPath -- Evaluating path: $['data']['country']['name']
09:40:55.395 [main] DEBUG com.jayway.jsonpath.internal.path.CompiledPath -- Evaluating path: $['data']['country']['capital']
09:40:55.397 [main] DEBUG com.jayway.jsonpath.internal.path.CompiledPath -- Evaluating path: $['data']['country']['currency']
]]></system-out>
    <system-err><![CDATA[line 1:0 token recognition error at: '﻿'
]]></system-err>
  </testcase>
  <testcase name="[1:8] Consultar informacion de un pais" classname="api/graphql/countries" time="0.098">
    <system-out><![CDATA[09:41:02.305 [main] DEBUG com.jayway.jsonpath.internal.path.CompiledPath -- Evaluating path: $
09:41:02.307 [main] DEBUG org.apache.http.client.protocol.RequestAddCookies -- CookieSpec selected: karate
09:41:02.307 [main] DEBUG org.apache.http.client.protocol.RequestAuthCache -- Auth cache not set in the context
09:41:02.307 [main] DEBUG com.intuit.karate -- request:
1 > POST https://countries.trevorblades.com/graphql
1 > Content-Type: application/json; charset=UTF-8
1 > Content-Length: 82
1 > Host: countries.trevorblades.com
1 > Connection: Keep-Alive
1 > User-Agent: Apache-HttpClient/4.5.14 (Java/21.0.10)
1 > Accept-Encoding: gzip,deflate
{"query":"{ country(code: \"ES\") { name capital currency languages { name } } }"}

09:41:02.307 [main] DEBUG org.apache.http.impl.conn.PoolingHttpClientConnectionManager -- Connection request: [route: {s}->https://countries.trevorblades.com:443][total available: 0; route allocated: 0 of 5; total allocated: 0 of 10]
09:41:02.307 [main] DEBUG org.apache.http.impl.conn.PoolingHttpClientConnectionManager -- Connection leased: [id: 16][route: {s}->https://countries.trevorblades.com:443][total available: 0; route allocated: 1 of 5; total allocated: 1 of 10]
09:41:02.307 [main] DEBUG org.apache.http.impl.execchain.MainClientExec -- Opening connection {s}->https://countries.trevorblades.com:443
09:41:02.309 [main] DEBUG org.apache.http.impl.conn.DefaultHttpClientConnectionOperator -- Connecting to countries.trevorblades.com/199.232.33.51:443
09:41:02.309 [main] DEBUG org.apache.http.conn.ssl.SSLConnectionSocketFactory -- Connecting socket to countries.trevorblades.com/199.232.33.51:443 with timeout 30000
09:41:02.316 [main] DEBUG org.apache.http.conn.ssl.SSLConnectionSocketFactory -- Enabled protocols: [TLSv1.3, TLSv1.2]
09:41:02.316 [main] DEBUG org.apache.http.conn.ssl.SSLConnectionSocketFactory -- Enabled cipher suites:[TLS_AES_256_GCM_SHA384, TLS_AES_128_GCM_SHA256, TLS_CHACHA20_POLY1305_SHA256, TLS_ECDHE_ECDSA_WITH_AES_256_GCM_SHA384, TLS_ECDHE_ECDSA_WITH_AES_128_GCM_SHA256, TLS_ECDHE_ECDSA_WITH_CHACHA20_POLY1305_SHA256, TLS_ECDHE_RSA_WITH_AES_256_GCM_SHA384, TLS_ECDHE_RSA_WITH_CHACHA20_POLY1305_SHA256, TLS_ECDHE_RSA_WITH_AES_128_GCM_SHA256, TLS_DHE_RSA_WITH_AES_256_GCM_SHA384, TLS_DHE_RSA_WITH_CHACHA20_POLY1305_SHA256, TLS_DHE_DSS_WITH_AES_256_GCM_SHA384, TLS_DHE_RSA_WITH_AES_128_GCM_SHA256, TLS_DHE_DSS_WITH_AES_128_GCM_SHA256, TLS_ECDHE_ECDSA_WITH_AES_256_CBC_SHA384, TLS_ECDHE_RSA_WITH_AES_256_CBC_SHA384, TLS_ECDHE_ECDSA_WITH_AES_128_CBC_SHA256, TLS_ECDHE_RSA_WITH_AES_128_CBC_SHA256, TLS_DHE_RSA_WITH_AES_256_CBC_SHA256, TLS_DHE_DSS_WITH_AES_256_CBC_SHA256, TLS_DHE_RSA_WITH_AES_128_CBC_SHA256, TLS_DHE_DSS_WITH_AES_128_CBC_SHA256, TLS_ECDHE_ECDSA_WITH_AES_256_CBC_SHA, TLS_ECDHE_RSA_WITH_AES_256_CBC_SHA, TLS_ECDHE_ECDSA_WITH_AES_128_CBC_SHA, TLS_ECDHE_RSA_WITH_AES_128_CBC_SHA, TLS_DHE_RSA_WITH_AES_256_CBC_SHA, TLS_DHE_DSS_WITH_AES_256_CBC_SHA, TLS_DHE_RSA_WITH_AES_128_CBC_SHA, TLS_DHE_DSS_WITH_AES_128_CBC_SHA, TLS_EMPTY_RENEGOTIATION_INFO_SCSV]
09:41:02.316 [main] DEBUG org.apache.http.conn.ssl.SSLConnectionSocketFactory -- Starting handshake
09:41:02.336 [main] DEBUG org.apache.http.conn.ssl.SSLConnectionSocketFactory -- Secure session established
09:41:02.336 [main] DEBUG org.apache.http.conn.ssl.SSLConnectionSocketFactory --  negotiated protocol: TLSv1.3
09:41:02.336 [main] DEBUG org.apache.http.conn.ssl.SSLConnectionSocketFactory --  negotiated cipher suite: TLS_AES_128_GCM_SHA256
09:41:02.336 [main] DEBUG org.apache.http.conn.ssl.SSLConnectionSocketFactory --  peer principal: CN=countries.trevorblades.com
09:41:02.336 [main] DEBUG org.apache.http.conn.ssl.SSLConnectionSocketFactory --  peer alternative names: [countries.trevorblades.com]
09:41:02.336 [main] DEBUG org.apache.http.conn.ssl.SSLConnectionSocketFactory --  issuer principal: CN=R12, O=Let's Encrypt, C=US
09:41:02.336 [main] DEBUG org.apache.http.impl.conn.DefaultHttpClientConnectionOperator -- Connection established 192.168.1.215:56005<->199.232.33.51:443
09:41:02.336 [main] DEBUG org.apache.http.impl.conn.DefaultManagedHttpClientConnection -- http-outgoing-16: set socket timeout to 30000
09:41:02.336 [main] DEBUG org.apache.http.impl.execchain.MainClientExec -- Executing request POST /graphql HTTP/1.1
09:41:02.336 [main] DEBUG org.apache.http.impl.execchain.MainClientExec -- Target auth state: UNCHALLENGED
09:41:02.336 [main] DEBUG org.apache.http.impl.execchain.MainClientExec -- Proxy auth state: UNCHALLENGED
09:41:02.336 [main] DEBUG org.apache.http.headers -- http-outgoing-16 >> POST /graphql HTTP/1.1
09:41:02.336 [main] DEBUG org.apache.http.headers -- http-outgoing-16 >> Content-Type: application/json; charset=UTF-8
09:41:02.336 [main] DEBUG org.apache.http.headers -- http-outgoing-16 >> Content-Length: 82
09:41:02.336 [main] DEBUG org.apache.http.headers -- http-outgoing-16 >> Host: countries.trevorblades.com
09:41:02.336 [main] DEBUG org.apache.http.headers -- http-outgoing-16 >> Connection: Keep-Alive
09:41:02.336 [main] DEBUG org.apache.http.headers -- http-outgoing-16 >> User-Agent: Apache-HttpClient/4.5.14 (Java/21.0.10)
09:41:02.336 [main] DEBUG org.apache.http.headers -- http-outgoing-16 >> Accept-Encoding: gzip,deflate
09:41:02.336 [main] DEBUG org.apache.http.wire -- http-outgoing-16 >> "POST /graphql HTTP/1.1[\r][\n]"
09:41:02.336 [main] DEBUG org.apache.http.wire -- http-outgoing-16 >> "Content-Type: application/json; charset=UTF-8[\r][\n]"
09:41:02.336 [main] DEBUG org.apache.http.wire -- http-outgoing-16 >> "Content-Length: 82[\r][\n]"
09:41:02.336 [main] DEBUG org.apache.http.wire -- http-outgoing-16 >> "Host: countries.trevorblades.com[\r][\n]"
09:41:02.336 [main] DEBUG org.apache.http.wire -- http-outgoing-16 >> "Connection: Keep-Alive[\r][\n]"
09:41:02.336 [main] DEBUG org.apache.http.wire -- http-outgoing-16 >> "User-Agent: Apache-HttpClient/4.5.14 (Java/21.0.10)[\r][\n]"
09:41:02.336 [main] DEBUG org.apache.http.wire -- http-outgoing-16 >> "Accept-Encoding: gzip,deflate[\r][\n]"
09:41:02.336 [main] DEBUG org.apache.http.wire -- http-outgoing-16 >> "[\r][\n]"
09:41:02.336 [main] DEBUG org.apache.http.wire -- http-outgoing-16 >> "{"query":"{ country(code: \"ES\") { name capital currency languages { name } } }"}"
09:41:02.384 [main] DEBUG org.apache.http.wire -- http-outgoing-16 << "HTTP/1.1 200 [\r][\n]"
09:41:02.384 [main] DEBUG org.apache.http.wire -- http-outgoing-16 << "Connection: keep-alive[\r][\n]"
09:41:02.384 [main] DEBUG org.apache.http.wire -- http-outgoing-16 << "Content-Length: 136[\r][\n]"
09:41:02.384 [main] DEBUG org.apache.http.wire -- http-outgoing-16 << "x-served-by: cache-toj-leto2350079-TOJ, cache-toj-leto2350072-TOJ[\r][\n]"
09:41:02.384 [main] DEBUG org.apache.http.wire -- http-outgoing-16 << "accept-ranges: bytes[\r][\n]"
09:41:02.384 [main] DEBUG org.apache.http.wire -- http-outgoing-16 << "date: Mon, 01 Jun 2026 07:39:26 GMT[\r][\n]"
09:41:02.384 [main] DEBUG org.apache.http.wire -- http-outgoing-16 << "content-type: application/json; charset=utf-8[\r][\n]"
09:41:02.384 [main] DEBUG org.apache.http.wire -- http-outgoing-16 << "access-control-max-age: 600[\r][\n]"
09:41:02.384 [main] DEBUG org.apache.http.wire -- http-outgoing-16 << "vary: accept-encoding[\r][\n]"
09:41:02.384 [main] DEBUG org.apache.http.wire -- http-outgoing-16 << "access-control-expose-headers: *[\r][\n]"
09:41:02.384 [main] DEBUG org.apache.http.wire -- http-outgoing-16 << "alt-svc: h3=":443"; ma=86400[\r][\n]"
09:41:02.384 [main] DEBUG org.apache.http.wire -- http-outgoing-16 << "access-control-allow-credentials: true[\r][\n]"
09:41:02.384 [main] DEBUG org.apache.http.wire -- http-outgoing-16 << "access-control-allow-methods: POST, GET, HEAD, OPTIONS[\r][\n]"
09:41:02.384 [main] DEBUG org.apache.http.wire -- http-outgoing-16 << "access-control-allow-headers: *[\r][\n]"
09:41:02.384 [main] DEBUG org.apache.http.wire -- http-outgoing-16 << "access-control-allow-origin: *[\r][\n]"
09:41:02.384 [main] DEBUG org.apache.http.wire -- http-outgoing-16 << "x-powered-by: Stellate[\r][\n]"
09:41:02.384 [main] DEBUG org.apache.http.wire -- http-outgoing-16 << "cache-control: public, s-maxage=2628000, stale-while-revalidate=2628000[\r][\n]"
09:41:02.384 [main] DEBUG org.apache.http.wire -- http-outgoing-16 << "age: 96[\r][\n]"
09:41:02.384 [main] DEBUG org.apache.http.wire -- http-outgoing-16 << "x-cache-hits: 3[\r][\n]"
09:41:02.384 [main] DEBUG org.apache.http.wire -- http-outgoing-16 << "x-cache: HIT[\r][\n]"
09:41:02.384 [main] DEBUG org.apache.http.wire -- http-outgoing-16 << "gcdn-cache: HIT[\r][\n]"
09:41:02.384 [main] DEBUG org.apache.http.wire -- http-outgoing-16 << "stellate-rate-limit-budget-remaining: 45[\r][\n]"
09:41:02.384 [main] DEBUG org.apache.http.wire -- http-outgoing-16 << "stellate-rate-limit-rules: "IP limit";type="RequestCount";budget=50;limited=?0;remaining=45;refill=53[\r][\n]"
09:41:02.384 [main] DEBUG org.apache.http.wire -- http-outgoing-16 << "stellate-rate-limit-decision: pass[\r][\n]"
09:41:02.384 [main] DEBUG org.apache.http.wire -- http-outgoing-16 << "stellate-rate-limit-budget-required: 10[\r][\n]"
09:41:02.384 [main] DEBUG org.apache.http.wire -- http-outgoing-16 << "content-encoding: gzip[\r][\n]"
09:41:02.384 [main] DEBUG org.apache.http.wire -- http-outgoing-16 << "[\r][\n]"
09:41:02.384 [main] DEBUG org.apache.http.headers -- http-outgoing-16 << HTTP/1.1 200 
09:41:02.384 [main] DEBUG org.apache.http.headers -- http-outgoing-16 << Connection: keep-alive
09:41:02.384 [main] DEBUG org.apache.http.headers -- http-outgoing-16 << Content-Length: 136
09:41:02.384 [main] DEBUG org.apache.http.headers -- http-outgoing-16 << x-served-by: cache-toj-leto2350079-TOJ, cache-toj-leto2350072-TOJ
09:41:02.384 [main] DEBUG org.apache.http.headers -- http-outgoing-16 << accept-ranges: bytes
09:41:02.384 [main] DEBUG org.apache.http.headers -- http-outgoing-16 << date: Mon, 01 Jun 2026 07:39:26 GMT
09:41:02.384 [main] DEBUG org.apache.http.headers -- http-outgoing-16 << content-type: application/json; charset=utf-8
09:41:02.384 [main] DEBUG org.apache.http.headers -- http-outgoing-16 << access-control-max-age: 600
09:41:02.384 [main] DEBUG org.apache.http.headers -- http-outgoing-16 << vary: accept-encoding
09:41:02.384 [main] DEBUG org.apache.http.headers -- http-outgoing-16 << access-control-expose-headers: *
09:41:02.384 [main] DEBUG org.apache.http.headers -- http-outgoing-16 << alt-svc: h3=":443"; ma=86400
09:41:02.384 [main] DEBUG org.apache.http.headers -- http-outgoing-16 << access-control-allow-credentials: true
09:41:02.384 [main] DEBUG org.apache.http.headers -- http-outgoing-16 << access-control-allow-methods: POST, GET, HEAD, OPTIONS
09:41:02.384 [main] DEBUG org.apache.http.headers -- http-outgoing-16 << access-control-allow-headers: *
09:41:02.384 [main] DEBUG org.apache.http.headers -- http-outgoing-16 << access-control-allow-origin: *
09:41:02.384 [main] DEBUG org.apache.http.headers -- http-outgoing-16 << x-powered-by: Stellate
09:41:02.384 [main] DEBUG org.apache.http.headers -- http-outgoing-16 << cache-control: public, s-maxage=2628000, stale-while-revalidate=2628000
09:41:02.384 [main] DEBUG org.apache.http.headers -- http-outgoing-16 << age: 96
09:41:02.384 [main] DEBUG org.apache.http.headers -- http-outgoing-16 << x-cache-hits: 3
09:41:02.384 [main] DEBUG org.apache.http.headers -- http-outgoing-16 << x-cache: HIT
09:41:02.384 [main] DEBUG org.apache.http.headers -- http-outgoing-16 << gcdn-cache: HIT
09:41:02.384 [main] DEBUG org.apache.http.headers -- http-outgoing-16 << stellate-rate-limit-budget-remaining: 45
09:41:02.384 [main] DEBUG org.apache.http.headers -- http-outgoing-16 << stellate-rate-limit-rules: "IP limit";type="RequestCount";budget=50;limited=?0;remaining=45;refill=53
09:41:02.384 [main] DEBUG org.apache.http.headers -- http-outgoing-16 << stellate-rate-limit-decision: pass
09:41:02.384 [main] DEBUG org.apache.http.headers -- http-outgoing-16 << stellate-rate-limit-budget-required: 10
09:41:02.384 [main] DEBUG org.apache.http.headers -- http-outgoing-16 << content-encoding: gzip
09:41:02.384 [main] DEBUG org.apache.http.impl.execchain.MainClientExec -- Connection can be kept alive indefinitely
09:41:02.384 [main] DEBUG org.apache.http.wire -- http-outgoing-16 << "[0x1f][0x8b][0x8][0x0][0x0][0x0][0x0][0x0][0x0][0xff]U[0xce][0xbd][\n]"
09:41:02.384 [main] DEBUG org.apache.http.wire -- http-outgoing-16 << "B1[0xc][0x5][0xe0]w[0xc9][0xdc]'[0xe8][0xa8][0x88][0x93][0x8][0x8a][0x93]8[0x1c][0xd2]r[\r][0xd4]x[0xed][0xcf] [0xa5][0xef]np[0x90][0xba][0x85][0xef][0x90][0xe4]t[\n]"
09:41:02.384 [main] DEBUG org.apache.http.wire -- http-outgoing-16 << "[0xa8] [0xdf][0x89][0x9f]Mk~G[0xac]R[0x91][0xc8][0xd3][0x1]!K G[0xdc]r[0x8e][0xca][0x16][0xd3][0xee]r2H[0xd0][0xa5]a[0x89][0x85][0xfc][0xb5][0x93][0xe2][0x11]-:[0xaf]P)w[0x1a][0xee]G[0x1b][0x94]W[0x8b][0xb3]l[0xed][0xa1]m[0xcf][0xb4]G[0x12][0x96];2[[0x9][0xa3][0x9b][0x9b][0xce][0x8b][0xc1][0x18][0x1f]fl[0xd3][0xef][0xb6][0x0][0x0][0x0]"
09:41:02.384 [main] DEBUG org.apache.http.impl.conn.DefaultManagedHttpClientConnection -- http-outgoing-16: Close connection
09:41:02.395 [main] DEBUG org.apache.http.impl.execchain.MainClientExec -- Connection discarded
09:41:02.395 [main] DEBUG org.apache.http.impl.conn.PoolingHttpClientConnectionManager -- Connection released: [id: 16][route: {s}->https://countries.trevorblades.com:443][total available: 0; route allocated: 0 of 5; total allocated: 0 of 10]
09:41:02.395 [main] DEBUG org.apache.http.impl.conn.PoolingHttpClientConnectionManager -- Connection manager is shutting down
09:41:02.395 [main] DEBUG org.apache.http.impl.conn.PoolingHttpClientConnectionManager -- Connection manager shut down
09:41:02.395 [main] DEBUG com.intuit.karate -- response time in milliseconds: 77
1 < 200
1 < Connection: keep-alive
1 < x-served-by: cache-toj-leto2350079-TOJ, cache-toj-leto2350072-TOJ
1 < accept-ranges: bytes
1 < date: Mon, 01 Jun 2026 07:39:26 GMT
1 < content-type: application/json; charset=utf-8
1 < access-control-max-age: 600
1 < vary: accept-encoding
1 < access-control-expose-headers: *
1 < alt-svc: h3=":443"; ma=86400
1 < access-control-allow-credentials: true
1 < access-control-allow-methods: POST, GET, HEAD, OPTIONS
1 < access-control-allow-headers: *
1 < access-control-allow-origin: *
1 < x-powered-by: Stellate
1 < cache-control: public, s-maxage=2628000, stale-while-revalidate=2628000
1 < age: 96
1 < x-cache-hits: 3
1 < x-cache: HIT
1 < gcdn-cache: HIT
1 < stellate-rate-limit-budget-remaining: 45
1 < stellate-rate-limit-rules: "IP limit";type="RequestCount";budget=50;limited=?0;remaining=45;refill=53
1 < stellate-rate-limit-decision: pass
1 < stellate-rate-limit-budget-required: 10
{"data":{"country":{"capital":"Madrid","currency":"EUR","languages":[{"name":"Spanish"},{"name":"Basque"},{"name":"Catalan"},{"name":"Galician"},{"name":"Occitan"}],"name":"Spain"}}}

09:41:02.397 [main] DEBUG com.jayway.jsonpath.internal.path.CompiledPath -- Evaluating path: $['data']['country']['name']
09:41:02.397 [main] DEBUG com.jayway.jsonpath.internal.path.CompiledPath -- Evaluating path: $['data']['country']['capital']
09:41:02.397 [main] DEBUG com.jayway.jsonpath.internal.path.CompiledPath -- Evaluating path: $['data']['country']['currency']
]]></system-out>
    <system-err><![CDATA[line 1:0 token recognition error at: '﻿'
]]></system-err>
  </testcase>
  <testcase name="[2:21] Consultar lista de paises por continente" classname="api/graphql/countries" time="0.205">
    <system-out><![CDATA[09:40:55.430 [main] DEBUG com.jayway.jsonpath.internal.path.CompiledPath -- Evaluating path: $
09:40:55.432 [main] DEBUG org.apache.http.client.protocol.RequestAddCookies -- CookieSpec selected: karate
09:40:55.433 [main] DEBUG org.apache.http.client.protocol.RequestAuthCache -- Auth cache not set in the context
09:40:55.433 [main] DEBUG com.intuit.karate -- request:
1 > POST https://countries.trevorblades.com/graphql
1 > Content-Type: application/json; charset=UTF-8
1 > Content-Length: 72
1 > Host: countries.trevorblades.com
1 > Connection: Keep-Alive
1 > User-Agent: Apache-HttpClient/4.5.14 (Java/21.0.10)
1 > Accept-Encoding: gzip,deflate
{"query":"{ continent(code: \"EU\") { name countries { code name } } }"}

09:40:55.433 [main] DEBUG org.apache.http.impl.conn.PoolingHttpClientConnectionManager -- Connection request: [route: {s}->https://countries.trevorblades.com:443][total available: 0; route allocated: 0 of 5; total allocated: 0 of 10]
09:40:55.433 [main] DEBUG org.apache.http.impl.conn.PoolingHttpClientConnectionManager -- Connection leased: [id: 1][route: {s}->https://countries.trevorblades.com:443][total available: 0; route allocated: 1 of 5; total allocated: 1 of 10]
09:40:55.434 [main] DEBUG org.apache.http.impl.execchain.MainClientExec -- Opening connection {s}->https://countries.trevorblades.com:443
09:40:55.434 [main] DEBUG org.apache.http.impl.conn.DefaultHttpClientConnectionOperator -- Connecting to countries.trevorblades.com/199.232.33.51:443
09:40:55.434 [main] DEBUG org.apache.http.conn.ssl.SSLConnectionSocketFactory -- Connecting socket to countries.trevorblades.com/199.232.33.51:443 with timeout 30000
09:40:55.441 [main] DEBUG org.apache.http.conn.ssl.SSLConnectionSocketFactory -- Enabled protocols: [TLSv1.3, TLSv1.2]
09:40:55.441 [main] DEBUG org.apache.http.conn.ssl.SSLConnectionSocketFactory -- Enabled cipher suites:[TLS_AES_256_GCM_SHA384, TLS_AES_128_GCM_SHA256, TLS_CHACHA20_POLY1305_SHA256, TLS_ECDHE_ECDSA_WITH_AES_256_GCM_SHA384, TLS_ECDHE_ECDSA_WITH_AES_128_GCM_SHA256, TLS_ECDHE_ECDSA_WITH_CHACHA20_POLY1305_SHA256, TLS_ECDHE_RSA_WITH_AES_256_GCM_SHA384, TLS_ECDHE_RSA_WITH_CHACHA20_POLY1305_SHA256, TLS_ECDHE_RSA_WITH_AES_128_GCM_SHA256, TLS_DHE_RSA_WITH_AES_256_GCM_SHA384, TLS_DHE_RSA_WITH_CHACHA20_POLY1305_SHA256, TLS_DHE_DSS_WITH_AES_256_GCM_SHA384, TLS_DHE_RSA_WITH_AES_128_GCM_SHA256, TLS_DHE_DSS_WITH_AES_128_GCM_SHA256, TLS_ECDHE_ECDSA_WITH_AES_256_CBC_SHA384, TLS_ECDHE_RSA_WITH_AES_256_CBC_SHA384, TLS_ECDHE_ECDSA_WITH_AES_128_CBC_SHA256, TLS_ECDHE_RSA_WITH_AES_128_CBC_SHA256, TLS_DHE_RSA_WITH_AES_256_CBC_SHA256, TLS_DHE_DSS_WITH_AES_256_CBC_SHA256, TLS_DHE_RSA_WITH_AES_128_CBC_SHA256, TLS_DHE_DSS_WITH_AES_128_CBC_SHA256, TLS_ECDHE_ECDSA_WITH_AES_256_CBC_SHA, TLS_ECDHE_RSA_WITH_AES_256_CBC_SHA, TLS_ECDHE_ECDSA_WITH_AES_128_CBC_SHA, TLS_ECDHE_RSA_WITH_AES_128_CBC_SHA, TLS_DHE_RSA_WITH_AES_256_CBC_SHA, TLS_DHE_DSS_WITH_AES_256_CBC_SHA, TLS_DHE_RSA_WITH_AES_128_CBC_SHA, TLS_DHE_DSS_WITH_AES_128_CBC_SHA, TLS_EMPTY_RENEGOTIATION_INFO_SCSV]
09:40:55.441 [main] DEBUG org.apache.http.conn.ssl.SSLConnectionSocketFactory -- Starting handshake
09:40:55.463 [main] DEBUG org.apache.http.conn.ssl.SSLConnectionSocketFactory -- Secure session established
09:40:55.463 [main] DEBUG org.apache.http.conn.ssl.SSLConnectionSocketFactory --  negotiated protocol: TLSv1.3
09:40:55.463 [main] DEBUG org.apache.http.conn.ssl.SSLConnectionSocketFactory --  negotiated cipher suite: TLS_AES_128_GCM_SHA256
09:40:55.463 [main] DEBUG org.apache.http.conn.ssl.SSLConnectionSocketFactory --  peer principal: CN=countries.trevorblades.com
09:40:55.463 [main] DEBUG org.apache.http.conn.ssl.SSLConnectionSocketFactory --  peer alternative names: [countries.trevorblades.com]
09:40:55.463 [main] DEBUG org.apache.http.conn.ssl.SSLConnectionSocketFactory --  issuer principal: CN=R12, O=Let's Encrypt, C=US
09:40:55.463 [main] DEBUG org.apache.http.impl.conn.DefaultHttpClientConnectionOperator -- Connection established 192.168.1.215:55990<->199.232.33.51:443
09:40:55.463 [main] DEBUG org.apache.http.impl.conn.DefaultManagedHttpClientConnection -- http-outgoing-1: set socket timeout to 30000
09:40:55.463 [main] DEBUG org.apache.http.impl.execchain.MainClientExec -- Executing request POST /graphql HTTP/1.1
09:40:55.463 [main] DEBUG org.apache.http.impl.execchain.MainClientExec -- Target auth state: UNCHALLENGED
09:40:55.463 [main] DEBUG org.apache.http.impl.execchain.MainClientExec -- Proxy auth state: UNCHALLENGED
09:40:55.463 [main] DEBUG org.apache.http.headers -- http-outgoing-1 >> POST /graphql HTTP/1.1
09:40:55.463 [main] DEBUG org.apache.http.headers -- http-outgoing-1 >> Content-Type: application/json; charset=UTF-8
09:40:55.463 [main] DEBUG org.apache.http.headers -- http-outgoing-1 >> Content-Length: 72
09:40:55.463 [main] DEBUG org.apache.http.headers -- http-outgoing-1 >> Host: countries.trevorblades.com
09:40:55.463 [main] DEBUG org.apache.http.headers -- http-outgoing-1 >> Connection: Keep-Alive
09:40:55.463 [main] DEBUG org.apache.http.headers -- http-outgoing-1 >> User-Agent: Apache-HttpClient/4.5.14 (Java/21.0.10)
09:40:55.463 [main] DEBUG org.apache.http.headers -- http-outgoing-1 >> Accept-Encoding: gzip,deflate
09:40:55.463 [main] DEBUG org.apache.http.wire -- http-outgoing-1 >> "POST /graphql HTTP/1.1[\r][\n]"
09:40:55.463 [main] DEBUG org.apache.http.wire -- http-outgoing-1 >> "Content-Type: application/json; charset=UTF-8[\r][\n]"
09:40:55.463 [main] DEBUG org.apache.http.wire -- http-outgoing-1 >> "Content-Length: 72[\r][\n]"
09:40:55.463 [main] DEBUG org.apache.http.wire -- http-outgoing-1 >> "Host: countries.trevorblades.com[\r][\n]"
09:40:55.463 [main] DEBUG org.apache.http.wire -- http-outgoing-1 >> "Connection: Keep-Alive[\r][\n]"
09:40:55.463 [main] DEBUG org.apache.http.wire -- http-outgoing-1 >> "User-Agent: Apache-HttpClient/4.5.14 (Java/21.0.10)[\r][\n]"
09:40:55.463 [main] DEBUG org.apache.http.wire -- http-outgoing-1 >> "Accept-Encoding: gzip,deflate[\r][\n]"
09:40:55.463 [main] DEBUG org.apache.http.wire -- http-outgoing-1 >> "[\r][\n]"
09:40:55.463 [main] DEBUG org.apache.http.wire -- http-outgoing-1 >> "{"query":"{ continent(code: \"EU\") { name countries { code name } } }"}"
09:40:55.517 [main] DEBUG org.apache.http.wire -- http-outgoing-1 << "HTTP/1.1 200 [\r][\n]"
09:40:55.517 [main] DEBUG org.apache.http.wire -- http-outgoing-1 << "Connection: keep-alive[\r][\n]"
09:40:55.517 [main] DEBUG org.apache.http.wire -- http-outgoing-1 << "Content-Length: 576[\r][\n]"
09:40:55.517 [main] DEBUG org.apache.http.wire -- http-outgoing-1 << "x-served-by: cache-toj-leto2350057-TOJ, cache-toj-leto2350068-TOJ[\r][\n]"
09:40:55.517 [main] DEBUG org.apache.http.wire -- http-outgoing-1 << "accept-ranges: bytes[\r][\n]"
09:40:55.517 [main] DEBUG org.apache.http.wire -- http-outgoing-1 << "date: Mon, 01 Jun 2026 07:39:27 GMT[\r][\n]"
09:40:55.517 [main] DEBUG org.apache.http.wire -- http-outgoing-1 << "content-type: application/json; charset=utf-8[\r][\n]"
09:40:55.517 [main] DEBUG org.apache.http.wire -- http-outgoing-1 << "access-control-max-age: 600[\r][\n]"
09:40:55.517 [main] DEBUG org.apache.http.wire -- http-outgoing-1 << "vary: accept-encoding[\r][\n]"
09:40:55.517 [main] DEBUG org.apache.http.wire -- http-outgoing-1 << "access-control-expose-headers: *[\r][\n]"
09:40:55.517 [main] DEBUG org.apache.http.wire -- http-outgoing-1 << "alt-svc: h3=":443"; ma=86400[\r][\n]"
09:40:55.517 [main] DEBUG org.apache.http.wire -- http-outgoing-1 << "access-control-allow-credentials: true[\r][\n]"
09:40:55.517 [main] DEBUG org.apache.http.wire -- http-outgoing-1 << "access-control-allow-methods: POST, GET, HEAD, OPTIONS[\r][\n]"
09:40:55.517 [main] DEBUG org.apache.http.wire -- http-outgoing-1 << "access-control-allow-headers: *[\r][\n]"
09:40:55.517 [main] DEBUG org.apache.http.wire -- http-outgoing-1 << "access-control-allow-origin: *[\r][\n]"
09:40:55.517 [main] DEBUG org.apache.http.wire -- http-outgoing-1 << "x-powered-by: Stellate[\r][\n]"
09:40:55.518 [main] DEBUG org.apache.http.wire -- http-outgoing-1 << "cache-control: public, s-maxage=2628000, stale-while-revalidate=2628000[\r][\n]"
09:40:55.518 [main] DEBUG org.apache.http.wire -- http-outgoing-1 << "age: 88[\r][\n]"
09:40:55.518 [main] DEBUG org.apache.http.wire -- http-outgoing-1 << "x-cache-hits: 2[\r][\n]"
09:40:55.518 [main] DEBUG org.apache.http.wire -- http-outgoing-1 << "x-cache: HIT[\r][\n]"
09:40:55.518 [main] DEBUG org.apache.http.wire -- http-outgoing-1 << "gcdn-cache: HIT[\r][\n]"
09:40:55.518 [main] DEBUG org.apache.http.wire -- http-outgoing-1 << "stellate-rate-limit-budget-remaining: 48[\r][\n]"
09:40:55.518 [main] DEBUG org.apache.http.wire -- http-outgoing-1 << "stellate-rate-limit-rules: "IP limit";type="RequestCount";budget=50;limited=?0;remaining=48;refill=60[\r][\n]"
09:40:55.518 [main] DEBUG org.apache.http.wire -- http-outgoing-1 << "stellate-rate-limit-decision: pass[\r][\n]"
09:40:55.518 [main] DEBUG org.apache.http.wire -- http-outgoing-1 << "stellate-rate-limit-budget-required: 9[\r][\n]"
09:40:55.518 [main] DEBUG org.apache.http.wire -- http-outgoing-1 << "content-encoding: gzip[\r][\n]"
09:40:55.518 [main] DEBUG org.apache.http.wire -- http-outgoing-1 << "[\r][\n]"
09:40:55.518 [main] DEBUG org.apache.http.headers -- http-outgoing-1 << HTTP/1.1 200 
09:40:55.518 [main] DEBUG org.apache.http.headers -- http-outgoing-1 << Connection: keep-alive
09:40:55.518 [main] DEBUG org.apache.http.headers -- http-outgoing-1 << Content-Length: 576
09:40:55.518 [main] DEBUG org.apache.http.headers -- http-outgoing-1 << x-served-by: cache-toj-leto2350057-TOJ, cache-toj-leto2350068-TOJ
09:40:55.518 [main] DEBUG org.apache.http.headers -- http-outgoing-1 << accept-ranges: bytes
09:40:55.518 [main] DEBUG org.apache.http.headers -- http-outgoing-1 << date: Mon, 01 Jun 2026 07:39:27 GMT
09:40:55.518 [main] DEBUG org.apache.http.headers -- http-outgoing-1 << content-type: application/json; charset=utf-8
09:40:55.520 [main] DEBUG org.apache.http.headers -- http-outgoing-1 << access-control-max-age: 600
09:40:55.520 [main] DEBUG org.apache.http.headers -- http-outgoing-1 << vary: accept-encoding
09:40:55.520 [main] DEBUG org.apache.http.headers -- http-outgoing-1 << access-control-expose-headers: *
09:40:55.520 [main] DEBUG org.apache.http.headers -- http-outgoing-1 << alt-svc: h3=":443"; ma=86400
09:40:55.520 [main] DEBUG org.apache.http.headers -- http-outgoing-1 << access-control-allow-credentials: true
09:40:55.520 [main] DEBUG org.apache.http.headers -- http-outgoing-1 << access-control-allow-methods: POST, GET, HEAD, OPTIONS
09:40:55.520 [main] DEBUG org.apache.http.headers -- http-outgoing-1 << access-control-allow-headers: *
09:40:55.520 [main] DEBUG org.apache.http.headers -- http-outgoing-1 << access-control-allow-origin: *
09:40:55.520 [main] DEBUG org.apache.http.headers -- http-outgoing-1 << x-powered-by: Stellate
09:40:55.520 [main] DEBUG org.apache.http.headers -- http-outgoing-1 << cache-control: public, s-maxage=2628000, stale-while-revalidate=2628000
09:40:55.520 [main] DEBUG org.apache.http.headers -- http-outgoing-1 << age: 88
09:40:55.520 [main] DEBUG org.apache.http.headers -- http-outgoing-1 << x-cache-hits: 2
09:40:55.520 [main] DEBUG org.apache.http.headers -- http-outgoing-1 << x-cache: HIT
09:40:55.520 [main] DEBUG org.apache.http.headers -- http-outgoing-1 << gcdn-cache: HIT
09:40:55.520 [main] DEBUG org.apache.http.headers -- http-outgoing-1 << stellate-rate-limit-budget-remaining: 48
09:40:55.520 [main] DEBUG org.apache.http.headers -- http-outgoing-1 << stellate-rate-limit-rules: "IP limit";type="RequestCount";budget=50;limited=?0;remaining=48;refill=60
09:40:55.520 [main] DEBUG org.apache.http.headers -- http-outgoing-1 << stellate-rate-limit-decision: pass
09:40:55.520 [main] DEBUG org.apache.http.headers -- http-outgoing-1 << stellate-rate-limit-budget-required: 9
09:40:55.520 [main] DEBUG org.apache.http.headers -- http-outgoing-1 << content-encoding: gzip
09:40:55.520 [main] DEBUG org.apache.http.impl.execchain.MainClientExec -- Connection can be kept alive indefinitely
09:40:55.522 [main] DEBUG org.apache.http.wire -- http-outgoing-1 << "[0x1f][0x8b][0x8][0x0][0x0][0x0][0x0][0x0][0x0][0xff]e[0x94]K[0x8e][0xdb]0[0xc][0x86][0xaf]bx='[0xc8].[0xf][0xc7]q^[0x13][0xd8]I0m[0xd1][0x5]c[0xb3][0x8e][0x10][[\n]"
09:40:55.523 [main] DEBUG org.apache.http.wire -- http-outgoing-1 << "h[0xc9][0xd3]d[0x90]eO[0xd6][0x8b]U[0x99][0x16]0[0xa9].[0x85][0x8f][0xfa][0xf9][0xe6]G\[0x81][0x85]x[0xf4][0x11][0x97]F[[0xa5]Q[0xdb][0xe7]CC[0x8b][0xf1](N[0x1c][0x99]+[0xc6]/[0x1e]:mIa[0x17][0x8f][0xbe]=M[0xab]'[0x1d][0xcf]<[0xf9]g9[0xd6][0x95]![0x82][0xf8][0xf1]2[0xe0]5[0xc3][0xcd][0x9][0xb4][0x92]x[0xcf][0xb0][0xeb][0xbc][0xba][0xc4]o[0x3][0xfe][0xfd][0xab][0x1]]q:[0x19][0xf]tb:/[0x1d]y[0x8b]h[0x81]t[0xc7][0xda][0xf4]J[0xb][0xad]I[0xc2][0xac][0xb1][0xa9][0x95]k[0x5]N[0x19]vM[\r]A([0x93]/[0xe2];[0x90][0xeb]8[0x9e].[0x6]\[0xbc]+{G[\n]"
09:40:55.523 [main] DEBUG org.apache.http.wire -- http-outgoing-1 << "[0xc3][0x9d]2[0x85][0xe9][0xed][0x1a][\n]"
09:40:55.523 [main] DEBUG org.apache.http.wire -- http-outgoing-1 << "|e[0xf4][0x8e][0xe5]9[0xca][0xf1][0xea]N[0x8d]*[0xb9][0xd5][0x8c]%[0x91]"[0xb5][0xa0]o[0x2][0xaf][0x6]<C[0xdd][0x2]]8N[0xd8][0xef][0xa4][0xb3]&hFR[0xb0][0x1c][0xae][0xa0]4[0x87][0xf3]l[0x80]s[0xa5][0xc3][0xe4][0xe6][0xaf][0xc][0x3][0x19][0x8c][0xb2][0xee]i#r[0x9c][0xe7][0xcc][0x88]@[0x97][0xc8]i:[0x19][0xe8]A+[0x8b]U[0xb4]R[0xba][0xae][0x8c][0xe8]S[0xca][0xfa][0x94]:$[0xdd][0xa1](A[0xca][0xe2]L[0xd5][0x89][0xa0][0xb1]@[0xc2][0x80][0x5][0x91][0x12][0xa2][0xc]b[0xc1][0xe8][0x94][0xc]XY[0xa2][0xc5]a[0xc0][0xb][0xa7][0xfd][0x94][0x8][0xe7][0x19]+pF[0x18][0x16])[0xdb]0[0xdc]5[0x18][0x99][0x1f][0xd1][0x6]D[0x99]3[0xd6][0x83][0xac][0xfc]_[0x81][0xed]Kf[0xa1][0x11][0xde][0x97][0xcc][0xfb][0x12])([0xcc][0x9a][0x15]f[0xad][0xfc][0x80]Y[0xd4][0x9d]E[0xd9][0xe5][0xf5][0x9e][0x1b][0xd9][0xb3][0xb][0x17]v[0xcd][\n]"
09:40:55.523 [main] DEBUG org.apache.http.wire -- http-outgoing-1 << "[0xb0]v?[0xb1]=[0x19]G[0xb5][0xb0]82[0xb][0xb0][0xbd][0xfc][0xbf][0x99][0xe]tc4[0x94]F[0xd0][0x19][0xa7]Mez[0xf9]9[0x11][0x9f]}[0x2]X[0x93][0x14]`[0xb][0xb0]5d[0xcf][0xbe][0xbe]%V[0xe1][0xa4]oX[0x9a][0x9b][0xe7][0x84]p[0xb8]e'k[0x8b][0xf6][0xfc]w[0x93][0xc5] o_[0x85][0x9b]w[0x10][0x95][0xde]1[0x81][0x9d][0x9][[0xb8][0xdb]sJ[0xd6][0xd5][0xd0]p[0x9e]3[0xed][0xdc][0xb4]a[0x3]r[0xbe][0xa4]H[0xa7][0x80][0xb2][0xf6][0xe4][0xae][0xeb]$-[0x12]~[0xa4][0xb0]B[0xd1][0xfb][0x82][\r]H[0xd1][0x98][0x1e][0x3][0xcf][0xc5][0x92][0xf1][0x1e][0xfc]1[0xa7][0xea][0xf3][0xe0].A[0xfb]2[0xdf][0x2][0xb5][0x95]T[0x83]K[0xa0][0xc6]v[0xa1][0xf8][0x14] [0xa5]E/[0xf][0xec][0xbc][0x1f].[0xe4][0xef][0x91][0xd8][0xd4]#[0xc3]G[0xbf][0xa7][0xa5][0x17][0x99]*+:[0xf1][0xc6][0x82]X[0x99][0xce][0xf4][0xde][0xc1][0xf7][0xc7][0xe3][0xf1][0x7][0xe3][0x93][0xcc][0xf1][0x6][0x0][0x0]"
09:40:55.523 [main] DEBUG org.apache.http.impl.conn.DefaultManagedHttpClientConnection -- http-outgoing-1: Close connection
09:40:55.528 [main] DEBUG org.apache.http.impl.execchain.MainClientExec -- Connection discarded
09:40:55.528 [main] DEBUG org.apache.http.impl.conn.PoolingHttpClientConnectionManager -- Connection released: [id: 1][route: {s}->https://countries.trevorblades.com:443][total available: 0; route allocated: 0 of 5; total allocated: 0 of 10]
09:40:55.528 [main] DEBUG org.apache.http.impl.conn.PoolingHttpClientConnectionManager -- Connection manager is shutting down
09:40:55.528 [main] DEBUG org.apache.http.impl.conn.PoolingHttpClientConnectionManager -- Connection manager shut down
09:40:55.528 [main] DEBUG com.intuit.karate -- response time in milliseconds: 90
1 < 200
1 < Connection: keep-alive
1 < x-served-by: cache-toj-leto2350057-TOJ, cache-toj-leto2350068-TOJ
1 < accept-ranges: bytes
1 < date: Mon, 01 Jun 2026 07:39:27 GMT
1 < content-type: application/json; charset=utf-8
1 < access-control-max-age: 600
1 < vary: accept-encoding
1 < access-control-expose-headers: *
1 < alt-svc: h3=":443"; ma=86400
1 < access-control-allow-credentials: true
1 < access-control-allow-methods: POST, GET, HEAD, OPTIONS
1 < access-control-allow-headers: *
1 < access-control-allow-origin: *
1 < x-powered-by: Stellate
1 < cache-control: public, s-maxage=2628000, stale-while-revalidate=2628000
1 < age: 88
1 < x-cache-hits: 2
1 < x-cache: HIT
1 < gcdn-cache: HIT
1 < stellate-rate-limit-budget-remaining: 48
1 < stellate-rate-limit-rules: "IP limit";type="RequestCount";budget=50;limited=?0;remaining=48;refill=60
1 < stellate-rate-limit-decision: pass
1 < stellate-rate-limit-budget-required: 9
{"data":{"continent":{"name":"Europe","countries":[{"code":"AD","name":"Andorra"},{"code":"AL","name":"Albania"},{"code":"AT","name":"Austria"},{"code":"AX","name":"Åland"},{"code":"BA","name":"Bosnia and Herzegovina"},{"code":"BE","name":"Belgium"},{"code":"BG","name":"Bulgaria"},{"code":"BY","name":"Belarus"},{"code":"CH","name":"Switzerland"},{"code":"CY","name":"Cyprus"},{"code":"CZ","name":"Czech Republic"},{"code":"DE","name":"Germany"},{"code":"DK","name":"Denmark"},{"code":"EE","name":"Estonia"},{"code":"ES","name":"Spain"},{"code":"FI","name":"Finland"},{"code":"FO","name":"Faroe Islands"},{"code":"FR","name":"France"},{"code":"GB","name":"United Kingdom"},{"code":"GG","name":"Guernsey"},{"code":"GI","name":"Gibraltar"},{"code":"GR","name":"Greece"},{"code":"HR","name":"Croatia"},{"code":"HU","name":"Hungary"},{"code":"IE","name":"Ireland"},{"code":"IM","name":"Isle of Man"},{"code":"IS","name":"Iceland"},{"code":"IT","name":"Italy"},{"code":"JE","name":"Jersey"},{"code":"LI","name":"Liechtenstein"},{"code":"LT","name":"Lithuania"},{"code":"LU","name":"Luxembourg"},{"code":"LV","name":"Latvia"},{"code":"MC","name":"Monaco"},{"code":"MD","name":"Moldova"},{"code":"ME","name":"Montenegro"},{"code":"MK","name":"North Macedonia"},{"code":"MT","name":"Malta"},{"code":"NL","name":"Netherlands"},{"code":"NO","name":"Norway"},{"code":"PL","name":"Poland"},{"code":"PT","name":"Portugal"},{"code":"RO","name":"Romania"},{"code":"RS","name":"Serbia"},{"code":"RU","name":"Russia"},{"code":"SE","name":"Sweden"},{"code":"SI","name":"Slovenia"},{"code":"SJ","name":"Svalbard and Jan Mayen"},{"code":"SK","name":"Slovakia"},{"code":"SM","name":"San Marino"},{"code":"UA","name":"Ukraine"},{"code":"VA","name":"Vatican City"},{"code":"XK","name":"Kosovo"}]}}}

09:40:55.537 [main] DEBUG com.jayway.jsonpath.internal.path.CompiledPath -- Evaluating path: $['data']['continent']['name']
09:40:55.542 [main] DEBUG com.jayway.jsonpath.internal.path.CompiledPath -- Evaluating path: $['data']['continent']['countries']
09:40:55.614 [main] DEBUG com.jayway.jsonpath.internal.path.CompiledPath -- Evaluating path: $['data']['continent']['countries'][0]
09:40:55.615 [main] DEBUG com.jayway.jsonpath.internal.path.CompiledPath -- Evaluating path: $
]]></system-out>
  </testcase>
  <testcase name="[2:21] Consultar lista de paises por continente" classname="api/graphql/countries" time="0.104">
    <system-out><![CDATA[09:41:02.409 [main] DEBUG com.jayway.jsonpath.internal.path.CompiledPath -- Evaluating path: $
09:41:02.410 [main] DEBUG org.apache.http.client.protocol.RequestAddCookies -- CookieSpec selected: karate
09:41:02.410 [main] DEBUG org.apache.http.client.protocol.RequestAuthCache -- Auth cache not set in the context
09:41:02.410 [main] DEBUG com.intuit.karate -- request:
1 > POST https://countries.trevorblades.com/graphql
1 > Content-Type: application/json; charset=UTF-8
1 > Content-Length: 72
1 > Host: countries.trevorblades.com
1 > Connection: Keep-Alive
1 > User-Agent: Apache-HttpClient/4.5.14 (Java/21.0.10)
1 > Accept-Encoding: gzip,deflate
{"query":"{ continent(code: \"EU\") { name countries { code name } } }"}

09:41:02.411 [main] DEBUG org.apache.http.impl.conn.PoolingHttpClientConnectionManager -- Connection request: [route: {s}->https://countries.trevorblades.com:443][total available: 0; route allocated: 0 of 5; total allocated: 0 of 10]
09:41:02.411 [main] DEBUG org.apache.http.impl.conn.PoolingHttpClientConnectionManager -- Connection leased: [id: 17][route: {s}->https://countries.trevorblades.com:443][total available: 0; route allocated: 1 of 5; total allocated: 1 of 10]
09:41:02.411 [main] DEBUG org.apache.http.impl.execchain.MainClientExec -- Opening connection {s}->https://countries.trevorblades.com:443
09:41:02.411 [main] DEBUG org.apache.http.impl.conn.DefaultHttpClientConnectionOperator -- Connecting to countries.trevorblades.com/199.232.33.51:443
09:41:02.411 [main] DEBUG org.apache.http.conn.ssl.SSLConnectionSocketFactory -- Connecting socket to countries.trevorblades.com/199.232.33.51:443 with timeout 30000
09:41:02.418 [main] DEBUG org.apache.http.conn.ssl.SSLConnectionSocketFactory -- Enabled protocols: [TLSv1.3, TLSv1.2]
09:41:02.418 [main] DEBUG org.apache.http.conn.ssl.SSLConnectionSocketFactory -- Enabled cipher suites:[TLS_AES_256_GCM_SHA384, TLS_AES_128_GCM_SHA256, TLS_CHACHA20_POLY1305_SHA256, TLS_ECDHE_ECDSA_WITH_AES_256_GCM_SHA384, TLS_ECDHE_ECDSA_WITH_AES_128_GCM_SHA256, TLS_ECDHE_ECDSA_WITH_CHACHA20_POLY1305_SHA256, TLS_ECDHE_RSA_WITH_AES_256_GCM_SHA384, TLS_ECDHE_RSA_WITH_CHACHA20_POLY1305_SHA256, TLS_ECDHE_RSA_WITH_AES_128_GCM_SHA256, TLS_DHE_RSA_WITH_AES_256_GCM_SHA384, TLS_DHE_RSA_WITH_CHACHA20_POLY1305_SHA256, TLS_DHE_DSS_WITH_AES_256_GCM_SHA384, TLS_DHE_RSA_WITH_AES_128_GCM_SHA256, TLS_DHE_DSS_WITH_AES_128_GCM_SHA256, TLS_ECDHE_ECDSA_WITH_AES_256_CBC_SHA384, TLS_ECDHE_RSA_WITH_AES_256_CBC_SHA384, TLS_ECDHE_ECDSA_WITH_AES_128_CBC_SHA256, TLS_ECDHE_RSA_WITH_AES_128_CBC_SHA256, TLS_DHE_RSA_WITH_AES_256_CBC_SHA256, TLS_DHE_DSS_WITH_AES_256_CBC_SHA256, TLS_DHE_RSA_WITH_AES_128_CBC_SHA256, TLS_DHE_DSS_WITH_AES_128_CBC_SHA256, TLS_ECDHE_ECDSA_WITH_AES_256_CBC_SHA, TLS_ECDHE_RSA_WITH_AES_256_CBC_SHA, TLS_ECDHE_ECDSA_WITH_AES_128_CBC_SHA, TLS_ECDHE_RSA_WITH_AES_128_CBC_SHA, TLS_DHE_RSA_WITH_AES_256_CBC_SHA, TLS_DHE_DSS_WITH_AES_256_CBC_SHA, TLS_DHE_RSA_WITH_AES_128_CBC_SHA, TLS_DHE_DSS_WITH_AES_128_CBC_SHA, TLS_EMPTY_RENEGOTIATION_INFO_SCSV]
09:41:02.418 [main] DEBUG org.apache.http.conn.ssl.SSLConnectionSocketFactory -- Starting handshake
09:41:02.437 [main] DEBUG org.apache.http.conn.ssl.SSLConnectionSocketFactory -- Secure session established
09:41:02.437 [main] DEBUG org.apache.http.conn.ssl.SSLConnectionSocketFactory --  negotiated protocol: TLSv1.3
09:41:02.437 [main] DEBUG org.apache.http.conn.ssl.SSLConnectionSocketFactory --  negotiated cipher suite: TLS_AES_128_GCM_SHA256
09:41:02.437 [main] DEBUG org.apache.http.conn.ssl.SSLConnectionSocketFactory --  peer principal: CN=countries.trevorblades.com
09:41:02.437 [main] DEBUG org.apache.http.conn.ssl.SSLConnectionSocketFactory --  peer alternative names: [countries.trevorblades.com]
09:41:02.437 [main] DEBUG org.apache.http.conn.ssl.SSLConnectionSocketFactory --  issuer principal: CN=R12, O=Let's Encrypt, C=US
09:41:02.437 [main] DEBUG org.apache.http.impl.conn.DefaultHttpClientConnectionOperator -- Connection established 192.168.1.215:56006<->199.232.33.51:443
09:41:02.437 [main] DEBUG org.apache.http.impl.conn.DefaultManagedHttpClientConnection -- http-outgoing-17: set socket timeout to 30000
09:41:02.437 [main] DEBUG org.apache.http.impl.execchain.MainClientExec -- Executing request POST /graphql HTTP/1.1
09:41:02.437 [main] DEBUG org.apache.http.impl.execchain.MainClientExec -- Target auth state: UNCHALLENGED
09:41:02.437 [main] DEBUG org.apache.http.impl.execchain.MainClientExec -- Proxy auth state: UNCHALLENGED
09:41:02.437 [main] DEBUG org.apache.http.headers -- http-outgoing-17 >> POST /graphql HTTP/1.1
09:41:02.437 [main] DEBUG org.apache.http.headers -- http-outgoing-17 >> Content-Type: application/json; charset=UTF-8
09:41:02.437 [main] DEBUG org.apache.http.headers -- http-outgoing-17 >> Content-Length: 72
09:41:02.437 [main] DEBUG org.apache.http.headers -- http-outgoing-17 >> Host: countries.trevorblades.com
09:41:02.437 [main] DEBUG org.apache.http.headers -- http-outgoing-17 >> Connection: Keep-Alive
09:41:02.437 [main] DEBUG org.apache.http.headers -- http-outgoing-17 >> User-Agent: Apache-HttpClient/4.5.14 (Java/21.0.10)
09:41:02.437 [main] DEBUG org.apache.http.headers -- http-outgoing-17 >> Accept-Encoding: gzip,deflate
09:41:02.437 [main] DEBUG org.apache.http.wire -- http-outgoing-17 >> "POST /graphql HTTP/1.1[\r][\n]"
09:41:02.437 [main] DEBUG org.apache.http.wire -- http-outgoing-17 >> "Content-Type: application/json; charset=UTF-8[\r][\n]"
09:41:02.437 [main] DEBUG org.apache.http.wire -- http-outgoing-17 >> "Content-Length: 72[\r][\n]"
09:41:02.437 [main] DEBUG org.apache.http.wire -- http-outgoing-17 >> "Host: countries.trevorblades.com[\r][\n]"
09:41:02.437 [main] DEBUG org.apache.http.wire -- http-outgoing-17 >> "Connection: Keep-Alive[\r][\n]"
09:41:02.437 [main] DEBUG org.apache.http.wire -- http-outgoing-17 >> "User-Agent: Apache-HttpClient/4.5.14 (Java/21.0.10)[\r][\n]"
09:41:02.437 [main] DEBUG org.apache.http.wire -- http-outgoing-17 >> "Accept-Encoding: gzip,deflate[\r][\n]"
09:41:02.437 [main] DEBUG org.apache.http.wire -- http-outgoing-17 >> "[\r][\n]"
09:41:02.437 [main] DEBUG org.apache.http.wire -- http-outgoing-17 >> "{"query":"{ continent(code: \"EU\") { name countries { code name } } }"}"
09:41:02.475 [main] DEBUG org.apache.http.wire -- http-outgoing-17 << "HTTP/1.1 200 [\r][\n]"
09:41:02.475 [main] DEBUG org.apache.http.wire -- http-outgoing-17 << "Connection: keep-alive[\r][\n]"
09:41:02.475 [main] DEBUG org.apache.http.wire -- http-outgoing-17 << "Content-Length: 576[\r][\n]"
09:41:02.475 [main] DEBUG org.apache.http.wire -- http-outgoing-17 << "x-served-by: cache-toj-leto2350057-TOJ, cache-toj-leto2350064-TOJ[\r][\n]"
09:41:02.475 [main] DEBUG org.apache.http.wire -- http-outgoing-17 << "accept-ranges: bytes[\r][\n]"
09:41:02.475 [main] DEBUG org.apache.http.wire -- http-outgoing-17 << "date: Mon, 01 Jun 2026 07:39:27 GMT[\r][\n]"
09:41:02.475 [main] DEBUG org.apache.http.wire -- http-outgoing-17 << "content-type: application/json; charset=utf-8[\r][\n]"
09:41:02.475 [main] DEBUG org.apache.http.wire -- http-outgoing-17 << "access-control-max-age: 600[\r][\n]"
09:41:02.475 [main] DEBUG org.apache.http.wire -- http-outgoing-17 << "vary: accept-encoding[\r][\n]"
09:41:02.475 [main] DEBUG org.apache.http.wire -- http-outgoing-17 << "access-control-expose-headers: *[\r][\n]"
09:41:02.475 [main] DEBUG org.apache.http.wire -- http-outgoing-17 << "alt-svc: h3=":443"; ma=86400[\r][\n]"
09:41:02.475 [main] DEBUG org.apache.http.wire -- http-outgoing-17 << "access-control-allow-credentials: true[\r][\n]"
09:41:02.475 [main] DEBUG org.apache.http.wire -- http-outgoing-17 << "access-control-allow-methods: POST, GET, HEAD, OPTIONS[\r][\n]"
09:41:02.475 [main] DEBUG org.apache.http.wire -- http-outgoing-17 << "access-control-allow-headers: *[\r][\n]"
09:41:02.475 [main] DEBUG org.apache.http.wire -- http-outgoing-17 << "access-control-allow-origin: *[\r][\n]"
09:41:02.475 [main] DEBUG org.apache.http.wire -- http-outgoing-17 << "x-powered-by: Stellate[\r][\n]"
09:41:02.475 [main] DEBUG org.apache.http.wire -- http-outgoing-17 << "cache-control: public, s-maxage=2628000, stale-while-revalidate=2628000[\r][\n]"
09:41:02.475 [main] DEBUG org.apache.http.wire -- http-outgoing-17 << "age: 95[\r][\n]"
09:41:02.475 [main] DEBUG org.apache.http.wire -- http-outgoing-17 << "x-cache-hits: 3[\r][\n]"
09:41:02.475 [main] DEBUG org.apache.http.wire -- http-outgoing-17 << "x-cache: HIT[\r][\n]"
09:41:02.475 [main] DEBUG org.apache.http.wire -- http-outgoing-17 << "gcdn-cache: HIT[\r][\n]"
09:41:02.475 [main] DEBUG org.apache.http.wire -- http-outgoing-17 << "stellate-rate-limit-budget-remaining: 44[\r][\n]"
09:41:02.475 [main] DEBUG org.apache.http.wire -- http-outgoing-17 << "stellate-rate-limit-rules: "IP limit";type="RequestCount";budget=50;limited=?0;remaining=44;refill=53[\r][\n]"
09:41:02.475 [main] DEBUG org.apache.http.wire -- http-outgoing-17 << "stellate-rate-limit-decision: pass[\r][\n]"
09:41:02.475 [main] DEBUG org.apache.http.wire -- http-outgoing-17 << "stellate-rate-limit-budget-required: 9[\r][\n]"
09:41:02.475 [main] DEBUG org.apache.http.wire -- http-outgoing-17 << "content-encoding: gzip[\r][\n]"
09:41:02.475 [main] DEBUG org.apache.http.wire -- http-outgoing-17 << "[\r][\n]"
09:41:02.475 [main] DEBUG org.apache.http.headers -- http-outgoing-17 << HTTP/1.1 200 
09:41:02.475 [main] DEBUG org.apache.http.headers -- http-outgoing-17 << Connection: keep-alive
09:41:02.475 [main] DEBUG org.apache.http.headers -- http-outgoing-17 << Content-Length: 576
09:41:02.475 [main] DEBUG org.apache.http.headers -- http-outgoing-17 << x-served-by: cache-toj-leto2350057-TOJ, cache-toj-leto2350064-TOJ
09:41:02.475 [main] DEBUG org.apache.http.headers -- http-outgoing-17 << accept-ranges: bytes
09:41:02.475 [main] DEBUG org.apache.http.headers -- http-outgoing-17 << date: Mon, 01 Jun 2026 07:39:27 GMT
09:41:02.475 [main] DEBUG org.apache.http.headers -- http-outgoing-17 << content-type: application/json; charset=utf-8
09:41:02.475 [main] DEBUG org.apache.http.headers -- http-outgoing-17 << access-control-max-age: 600
09:41:02.475 [main] DEBUG org.apache.http.headers -- http-outgoing-17 << vary: accept-encoding
09:41:02.475 [main] DEBUG org.apache.http.headers -- http-outgoing-17 << access-control-expose-headers: *
09:41:02.475 [main] DEBUG org.apache.http.headers -- http-outgoing-17 << alt-svc: h3=":443"; ma=86400
09:41:02.475 [main] DEBUG org.apache.http.headers -- http-outgoing-17 << access-control-allow-credentials: true
09:41:02.475 [main] DEBUG org.apache.http.headers -- http-outgoing-17 << access-control-allow-methods: POST, GET, HEAD, OPTIONS
09:41:02.475 [main] DEBUG org.apache.http.headers -- http-outgoing-17 << access-control-allow-headers: *
09:41:02.475 [main] DEBUG org.apache.http.headers -- http-outgoing-17 << access-control-allow-origin: *
09:41:02.475 [main] DEBUG org.apache.http.headers -- http-outgoing-17 << x-powered-by: Stellate
09:41:02.475 [main] DEBUG org.apache.http.headers -- http-outgoing-17 << cache-control: public, s-maxage=2628000, stale-while-revalidate=2628000
09:41:02.475 [main] DEBUG org.apache.http.headers -- http-outgoing-17 << age: 95
09:41:02.475 [main] DEBUG org.apache.http.headers -- http-outgoing-17 << x-cache-hits: 3
09:41:02.475 [main] DEBUG org.apache.http.headers -- http-outgoing-17 << x-cache: HIT
09:41:02.475 [main] DEBUG org.apache.http.headers -- http-outgoing-17 << gcdn-cache: HIT
09:41:02.475 [main] DEBUG org.apache.http.headers -- http-outgoing-17 << stellate-rate-limit-budget-remaining: 44
09:41:02.475 [main] DEBUG org.apache.http.headers -- http-outgoing-17 << stellate-rate-limit-rules: "IP limit";type="RequestCount";budget=50;limited=?0;remaining=44;refill=53
09:41:02.475 [main] DEBUG org.apache.http.headers -- http-outgoing-17 << stellate-rate-limit-decision: pass
09:41:02.475 [main] DEBUG org.apache.http.headers -- http-outgoing-17 << stellate-rate-limit-budget-required: 9
09:41:02.475 [main] DEBUG org.apache.http.headers -- http-outgoing-17 << content-encoding: gzip
09:41:02.475 [main] DEBUG org.apache.http.impl.execchain.MainClientExec -- Connection can be kept alive indefinitely
09:41:02.475 [main] DEBUG org.apache.http.wire -- http-outgoing-17 << "[0x1f][0x8b][0x8][0x0][0x0][0x0][0x0][0x0][0x0][0xff]e[0x94]K[0x8e][0xdb]0[0xc][0x86][0xaf]bx='[0xc8].[0xf][0xc7]q^[0x13][0xd8]I0m[0xd1][0x5]c[0xb3][0x8e][0x10][[\n]"
09:41:02.490 [main] DEBUG org.apache.http.wire -- http-outgoing-17 << "h[0xc9][0xd3]d[0x90]eO[0xd6][0x8b]U[0x99][0x16]0[0xa9].[0x85][0x8f][0xfa][0xf9][0xe6]G\[0x81][0x85]x[0xf4][0x11][0x97]F[[0xa5]Q[0xdb][0xe7]CC[0x8b][0xf1](N[0x1c][0x99]+[0xc6]/[0x1e]:mIa[0x17][0x8f][0xbe]=M[0xab]'[0x1d][0xcf]<[0xf9]g9[0xd6][0x95]![0x82][0xf8][0xf1]2[0xe0]5[0xc3][0xcd][0x9][0xb4][0x92]x[0xcf][0xb0][0xeb][0xbc][0xba][0xc4]o[0x3][0xfe][0xfd][0xab][0x1]]q:[0x19][0xf]tb:/[0x1d]y[0x8b]h[0x81]t[0xc7][0xda][0xf4]J[0xb][0xad]I[0xc2][0xac][0xb1][0xa9][0x95]k[0x5]N[0x19]vM[\r]A([0x93]/[0xe2];[0x90][0xeb]8[0x9e].[0x6]\[0xbc]+{G[\n]"
09:41:02.490 [main] DEBUG org.apache.http.wire -- http-outgoing-17 << "[0xc3][0x9d]2[0x85][0xe9][0xed][0x1a][\n]"
09:41:02.490 [main] DEBUG org.apache.http.wire -- http-outgoing-17 << "|e[0xf4][0x8e][0xe5]9[0xca][0xf1][0xea]N[0x8d]*[0xb9][0xd5][0x8c]%[0x91]"[0xb5][0xa0]o[0x2][0xaf][0x6]<C[0xdd][0x2]]8N[0xd8][0xef][0xa4][0xb3]&hFR[0xb0][0x1c][0xae][0xa0]4[0x87][0xf3]l[0x80]s[0xa5][0xc3][0xe4][0xe6][0xaf][0xc][0x3][0x19][0x8c][0xb2][0xee]i#r[0x9c][0xe7][0xcc][0x88]@[0x97][0xc8]i:[0x19][0xe8]A+[0x8b]U[0xb4]R[0xba][0xae][0x8c][0xe8]S[0xca][0xfa][0x94]:$[0xdd][0xa1](A[0xca][0xe2]L[0xd5][0x89][0xa0][0xb1]@[0xc2][0x80][0x5][0x91][0x12][0xa2][0xc]b[0xc1][0xe8][0x94][0xc]XY[0xa2][0xc5]a[0xc0][0xb][0xa7][0xfd][0x94][0x8][0xe7][0x19]+pF[0x18][0x16])[0xdb]0[0xdc]5[0x18][0x99][0x1f][0xd1][0x6]D[0x99]3[0xd6][0x83][0xac][0xfc]_[0x81][0xed]Kf[0xa1][0x11][0xde][0x97][0xcc][0xfb][0x12])([0xcc][0x9a][0x15]f[0xad][0xfc][0x80]Y[0xd4][0x9d]E[0xd9][0xe5][0xf5][0x9e][0x1b][0xd9][0xb3][0xb][0x17]v[0xcd][\n]"
09:41:02.490 [main] DEBUG org.apache.http.wire -- http-outgoing-17 << "[0xb0]v?[0xb1]=[0x19]G[0xb5][0xb0]82[0xb][0xb0][0xbd][0xfc][0xbf][0x99][0xe]tc4[0x94]F[0xd0][0x19][0xa7]Mez[0xf9]9[0x11][0x9f]}[0x2]X[0x93][0x14]`[0xb][0xb0]5d[0xcf][0xbe][0xbe]%V[0xe1][0xa4]oX[0x9a][0x9b][0xe7][0x84]p[0xb8]e'k[0x8b][0xf6][0xfc]w[0x93][0xc5] o_[0x85][0x9b]w[0x10][0x95][0xde]1[0x81][0x9d][0x9][[0xb8][0xdb]sJ[0xd6][0xd5][0xd0]p[0x9e]3[0xed][0xdc][0xb4]a[0x3]r[0xbe][0xa4]H[0xa7][0x80][0xb2][0xf6][0xe4][0xae][0xeb]$-[0x12]~[0xa4][0xb0]B[0xd1][0xfb][0x82][\r]H[0xd1][0x98][0x1e][0x3][0xcf][0xc5][0x92][0xf1][0x1e][0xfc]1[0xa7][0xea][0xf3][0xe0].A[0xfb]2[0xdf][0x2][0xb5][0x95]T[0x83]K[0xa0][0xc6]v[0xa1][0xf8][0x14] [0xa5]E/[0xf][0xec][0xbc][0x1f].[0xe4][0xef][0x91][0xd8][0xd4]#[0xc3]G[0xbf][0xa7][0xa5][0x17][0x99]*+:[0xf1][0xc6][0x82]X[0x99][0xce][0xf4][0xde][0xc1][0xf7][0xc7][0xe3][0xf1][0x7][0xe3][0x93][0xcc][0xf1][0x6][0x0][0x0]"
09:41:02.490 [main] DEBUG org.apache.http.impl.conn.DefaultManagedHttpClientConnection -- http-outgoing-17: Close connection
09:41:02.491 [main] DEBUG org.apache.http.impl.execchain.MainClientExec -- Connection discarded
09:41:02.491 [main] DEBUG org.apache.http.impl.conn.PoolingHttpClientConnectionManager -- Connection released: [id: 17][route: {s}->https://countries.trevorblades.com:443][total available: 0; route allocated: 0 of 5; total allocated: 0 of 10]
09:41:02.491 [main] DEBUG org.apache.http.impl.conn.PoolingHttpClientConnectionManager -- Connection manager is shutting down
09:41:02.491 [main] DEBUG org.apache.http.impl.conn.PoolingHttpClientConnectionManager -- Connection manager shut down
09:41:02.491 [main] DEBUG com.intuit.karate -- response time in milliseconds: 79
1 < 200
1 < Connection: keep-alive
1 < x-served-by: cache-toj-leto2350057-TOJ, cache-toj-leto2350064-TOJ
1 < accept-ranges: bytes
1 < date: Mon, 01 Jun 2026 07:39:27 GMT
1 < content-type: application/json; charset=utf-8
1 < access-control-max-age: 600
1 < vary: accept-encoding
1 < access-control-expose-headers: *
1 < alt-svc: h3=":443"; ma=86400
1 < access-control-allow-credentials: true
1 < access-control-allow-methods: POST, GET, HEAD, OPTIONS
1 < access-control-allow-headers: *
1 < access-control-allow-origin: *
1 < x-powered-by: Stellate
1 < cache-control: public, s-maxage=2628000, stale-while-revalidate=2628000
1 < age: 95
1 < x-cache-hits: 3
1 < x-cache: HIT
1 < gcdn-cache: HIT
1 < stellate-rate-limit-budget-remaining: 44
1 < stellate-rate-limit-rules: "IP limit";type="RequestCount";budget=50;limited=?0;remaining=44;refill=53
1 < stellate-rate-limit-decision: pass
1 < stellate-rate-limit-budget-required: 9
{"data":{"continent":{"name":"Europe","countries":[{"code":"AD","name":"Andorra"},{"code":"AL","name":"Albania"},{"code":"AT","name":"Austria"},{"code":"AX","name":"Åland"},{"code":"BA","name":"Bosnia and Herzegovina"},{"code":"BE","name":"Belgium"},{"code":"BG","name":"Bulgaria"},{"code":"BY","name":"Belarus"},{"code":"CH","name":"Switzerland"},{"code":"CY","name":"Cyprus"},{"code":"CZ","name":"Czech Republic"},{"code":"DE","name":"Germany"},{"code":"DK","name":"Denmark"},{"code":"EE","name":"Estonia"},{"code":"ES","name":"Spain"},{"code":"FI","name":"Finland"},{"code":"FO","name":"Faroe Islands"},{"code":"FR","name":"France"},{"code":"GB","name":"United Kingdom"},{"code":"GG","name":"Guernsey"},{"code":"GI","name":"Gibraltar"},{"code":"GR","name":"Greece"},{"code":"HR","name":"Croatia"},{"code":"HU","name":"Hungary"},{"code":"IE","name":"Ireland"},{"code":"IM","name":"Isle of Man"},{"code":"IS","name":"Iceland"},{"code":"IT","name":"Italy"},{"code":"JE","name":"Jersey"},{"code":"LI","name":"Liechtenstein"},{"code":"LT","name":"Lithuania"},{"code":"LU","name":"Luxembourg"},{"code":"LV","name":"Latvia"},{"code":"MC","name":"Monaco"},{"code":"MD","name":"Moldova"},{"code":"ME","name":"Montenegro"},{"code":"MK","name":"North Macedonia"},{"code":"MT","name":"Malta"},{"code":"NL","name":"Netherlands"},{"code":"NO","name":"Norway"},{"code":"PL","name":"Poland"},{"code":"PT","name":"Portugal"},{"code":"RO","name":"Romania"},{"code":"RS","name":"Serbia"},{"code":"RU","name":"Russia"},{"code":"SE","name":"Sweden"},{"code":"SI","name":"Slovenia"},{"code":"SJ","name":"Svalbard and Jan Mayen"},{"code":"SK","name":"Slovakia"},{"code":"SM","name":"San Marino"},{"code":"UA","name":"Ukraine"},{"code":"VA","name":"Vatican City"},{"code":"XK","name":"Kosovo"}]}}}

09:41:02.498 [main] DEBUG com.jayway.jsonpath.internal.path.CompiledPath -- Evaluating path: $['data']['continent']['name']
09:41:02.498 [main] DEBUG com.jayway.jsonpath.internal.path.CompiledPath -- Evaluating path: $['data']['continent']['countries']
09:41:02.507 [main] DEBUG com.jayway.jsonpath.internal.path.CompiledPath -- Evaluating path: $['data']['continent']['countries'][0]
09:41:02.507 [main] DEBUG com.jayway.jsonpath.internal.path.CompiledPath -- Evaluating path: $
]]></system-out>
  </testcase>
  <testcase name="[3:34] Consultar multiples paises con variables GraphQL" classname="api/graphql/countries" time="0.124">
    <system-out><![CDATA[09:40:55.632 [main] DEBUG com.jayway.jsonpath.internal.path.CompiledPath -- Evaluating path: $
09:40:55.633 [main] DEBUG org.apache.http.client.protocol.RequestAddCookies -- CookieSpec selected: karate
09:40:55.636 [main] DEBUG org.apache.http.client.protocol.RequestAuthCache -- Auth cache not set in the context
09:40:55.636 [main] DEBUG com.intuit.karate -- request:
1 > POST https://countries.trevorblades.com/graphql
1 > Content-Type: application/json; charset=UTF-8
1 > Content-Length: 114
1 > Host: countries.trevorblades.com
1 > Connection: Keep-Alive
1 > User-Agent: Apache-HttpClient/4.5.14 (Java/21.0.10)
1 > Accept-Encoding: gzip,deflate
{"query":"query GetCountry($code: ID!) { country(code: $code) { name capital phone } }","variables":{"code":"US"}}

09:40:55.636 [main] DEBUG org.apache.http.impl.conn.PoolingHttpClientConnectionManager -- Connection request: [route: {s}->https://countries.trevorblades.com:443][total available: 0; route allocated: 0 of 5; total allocated: 0 of 10]
09:40:55.636 [main] DEBUG org.apache.http.impl.conn.PoolingHttpClientConnectionManager -- Connection leased: [id: 2][route: {s}->https://countries.trevorblades.com:443][total available: 0; route allocated: 1 of 5; total allocated: 1 of 10]
09:40:55.636 [main] DEBUG org.apache.http.impl.execchain.MainClientExec -- Opening connection {s}->https://countries.trevorblades.com:443
09:40:55.636 [main] DEBUG org.apache.http.impl.conn.DefaultHttpClientConnectionOperator -- Connecting to countries.trevorblades.com/199.232.33.51:443
09:40:55.636 [main] DEBUG org.apache.http.conn.ssl.SSLConnectionSocketFactory -- Connecting socket to countries.trevorblades.com/199.232.33.51:443 with timeout 30000
09:40:55.644 [main] DEBUG org.apache.http.conn.ssl.SSLConnectionSocketFactory -- Enabled protocols: [TLSv1.3, TLSv1.2]
09:40:55.644 [main] DEBUG org.apache.http.conn.ssl.SSLConnectionSocketFactory -- Enabled cipher suites:[TLS_AES_256_GCM_SHA384, TLS_AES_128_GCM_SHA256, TLS_CHACHA20_POLY1305_SHA256, TLS_ECDHE_ECDSA_WITH_AES_256_GCM_SHA384, TLS_ECDHE_ECDSA_WITH_AES_128_GCM_SHA256, TLS_ECDHE_ECDSA_WITH_CHACHA20_POLY1305_SHA256, TLS_ECDHE_RSA_WITH_AES_256_GCM_SHA384, TLS_ECDHE_RSA_WITH_CHACHA20_POLY1305_SHA256, TLS_ECDHE_RSA_WITH_AES_128_GCM_SHA256, TLS_DHE_RSA_WITH_AES_256_GCM_SHA384, TLS_DHE_RSA_WITH_CHACHA20_POLY1305_SHA256, TLS_DHE_DSS_WITH_AES_256_GCM_SHA384, TLS_DHE_RSA_WITH_AES_128_GCM_SHA256, TLS_DHE_DSS_WITH_AES_128_GCM_SHA256, TLS_ECDHE_ECDSA_WITH_AES_256_CBC_SHA384, TLS_ECDHE_RSA_WITH_AES_256_CBC_SHA384, TLS_ECDHE_ECDSA_WITH_AES_128_CBC_SHA256, TLS_ECDHE_RSA_WITH_AES_128_CBC_SHA256, TLS_DHE_RSA_WITH_AES_256_CBC_SHA256, TLS_DHE_DSS_WITH_AES_256_CBC_SHA256, TLS_DHE_RSA_WITH_AES_128_CBC_SHA256, TLS_DHE_DSS_WITH_AES_128_CBC_SHA256, TLS_ECDHE_ECDSA_WITH_AES_256_CBC_SHA, TLS_ECDHE_RSA_WITH_AES_256_CBC_SHA, TLS_ECDHE_ECDSA_WITH_AES_128_CBC_SHA, TLS_ECDHE_RSA_WITH_AES_128_CBC_SHA, TLS_DHE_RSA_WITH_AES_256_CBC_SHA, TLS_DHE_DSS_WITH_AES_256_CBC_SHA, TLS_DHE_RSA_WITH_AES_128_CBC_SHA, TLS_DHE_DSS_WITH_AES_128_CBC_SHA, TLS_EMPTY_RENEGOTIATION_INFO_SCSV]
09:40:55.644 [main] DEBUG org.apache.http.conn.ssl.SSLConnectionSocketFactory -- Starting handshake
09:40:55.663 [main] DEBUG org.apache.http.conn.ssl.SSLConnectionSocketFactory -- Secure session established
09:40:55.663 [main] DEBUG org.apache.http.conn.ssl.SSLConnectionSocketFactory --  negotiated protocol: TLSv1.3
09:40:55.663 [main] DEBUG org.apache.http.conn.ssl.SSLConnectionSocketFactory --  negotiated cipher suite: TLS_AES_128_GCM_SHA256
09:40:55.663 [main] DEBUG org.apache.http.conn.ssl.SSLConnectionSocketFactory --  peer principal: CN=countries.trevorblades.com
09:40:55.663 [main] DEBUG org.apache.http.conn.ssl.SSLConnectionSocketFactory --  peer alternative names: [countries.trevorblades.com]
09:40:55.663 [main] DEBUG org.apache.http.conn.ssl.SSLConnectionSocketFactory --  issuer principal: CN=R12, O=Let's Encrypt, C=US
09:40:55.663 [main] DEBUG org.apache.http.impl.conn.DefaultHttpClientConnectionOperator -- Connection established 192.168.1.215:55991<->199.232.33.51:443
09:40:55.663 [main] DEBUG org.apache.http.impl.conn.DefaultManagedHttpClientConnection -- http-outgoing-2: set socket timeout to 30000
09:40:55.664 [main] DEBUG org.apache.http.impl.execchain.MainClientExec -- Executing request POST /graphql HTTP/1.1
09:40:55.664 [main] DEBUG org.apache.http.impl.execchain.MainClientExec -- Target auth state: UNCHALLENGED
09:40:55.664 [main] DEBUG org.apache.http.impl.execchain.MainClientExec -- Proxy auth state: UNCHALLENGED
09:40:55.664 [main] DEBUG org.apache.http.headers -- http-outgoing-2 >> POST /graphql HTTP/1.1
09:40:55.664 [main] DEBUG org.apache.http.headers -- http-outgoing-2 >> Content-Type: application/json; charset=UTF-8
09:40:55.664 [main] DEBUG org.apache.http.headers -- http-outgoing-2 >> Content-Length: 114
09:40:55.664 [main] DEBUG org.apache.http.headers -- http-outgoing-2 >> Host: countries.trevorblades.com
09:40:55.664 [main] DEBUG org.apache.http.headers -- http-outgoing-2 >> Connection: Keep-Alive
09:40:55.664 [main] DEBUG org.apache.http.headers -- http-outgoing-2 >> User-Agent: Apache-HttpClient/4.5.14 (Java/21.0.10)
09:40:55.664 [main] DEBUG org.apache.http.headers -- http-outgoing-2 >> Accept-Encoding: gzip,deflate
09:40:55.664 [main] DEBUG org.apache.http.wire -- http-outgoing-2 >> "POST /graphql HTTP/1.1[\r][\n]"
09:40:55.664 [main] DEBUG org.apache.http.wire -- http-outgoing-2 >> "Content-Type: application/json; charset=UTF-8[\r][\n]"
09:40:55.664 [main] DEBUG org.apache.http.wire -- http-outgoing-2 >> "Content-Length: 114[\r][\n]"
09:40:55.664 [main] DEBUG org.apache.http.wire -- http-outgoing-2 >> "Host: countries.trevorblades.com[\r][\n]"
09:40:55.664 [main] DEBUG org.apache.http.wire -- http-outgoing-2 >> "Connection: Keep-Alive[\r][\n]"
09:40:55.664 [main] DEBUG org.apache.http.wire -- http-outgoing-2 >> "User-Agent: Apache-HttpClient/4.5.14 (Java/21.0.10)[\r][\n]"
09:40:55.664 [main] DEBUG org.apache.http.wire -- http-outgoing-2 >> "Accept-Encoding: gzip,deflate[\r][\n]"
09:40:55.665 [main] DEBUG org.apache.http.wire -- http-outgoing-2 >> "[\r][\n]"
09:40:55.665 [main] DEBUG org.apache.http.wire -- http-outgoing-2 >> "{"query":"query GetCountry($code: ID!) { country(code: $code) { name capital phone } }","variables":{"code":"US"}}"
09:40:55.713 [main] DEBUG org.apache.http.wire -- http-outgoing-2 << "HTTP/1.1 200 [\r][\n]"
09:40:55.713 [main] DEBUG org.apache.http.wire -- http-outgoing-2 << "Connection: keep-alive[\r][\n]"
09:40:55.713 [main] DEBUG org.apache.http.wire -- http-outgoing-2 << "Content-Length: 97[\r][\n]"
09:40:55.713 [main] DEBUG org.apache.http.wire -- http-outgoing-2 << "x-served-by: cache-toj-leto2350068-TOJ, cache-toj-leto2350040-TOJ[\r][\n]"
09:40:55.713 [main] DEBUG org.apache.http.wire -- http-outgoing-2 << "accept-ranges: bytes[\r][\n]"
09:40:55.713 [main] DEBUG org.apache.http.wire -- http-outgoing-2 << "date: Mon, 01 Jun 2026 07:39:27 GMT[\r][\n]"
09:40:55.713 [main] DEBUG org.apache.http.wire -- http-outgoing-2 << "content-type: application/json; charset=utf-8[\r][\n]"
09:40:55.713 [main] DEBUG org.apache.http.wire -- http-outgoing-2 << "access-control-max-age: 600[\r][\n]"
09:40:55.713 [main] DEBUG org.apache.http.wire -- http-outgoing-2 << "vary: accept-encoding[\r][\n]"
09:40:55.713 [main] DEBUG org.apache.http.wire -- http-outgoing-2 << "access-control-expose-headers: *[\r][\n]"
09:40:55.713 [main] DEBUG org.apache.http.wire -- http-outgoing-2 << "alt-svc: h3=":443"; ma=86400[\r][\n]"
09:40:55.713 [main] DEBUG org.apache.http.wire -- http-outgoing-2 << "access-control-allow-credentials: true[\r][\n]"
09:40:55.713 [main] DEBUG org.apache.http.wire -- http-outgoing-2 << "access-control-allow-methods: POST, GET, HEAD, OPTIONS[\r][\n]"
09:40:55.713 [main] DEBUG org.apache.http.wire -- http-outgoing-2 << "access-control-allow-headers: *[\r][\n]"
[...]
[THYMELEAF]             * [* {th:alt,data-th-alt}] [1000]: org.thymeleaf.standard.processor.StandardRemovableAttributeTagProcessor
[THYMELEAF]             * [* {th:summary,data-th-summary}] [1000]: org.thymeleaf.standard.processor.StandardRemovableAttributeTagProcessor
[THYMELEAF]             * [* {th:draggable,data-th-draggable}] [1000]: org.thymeleaf.standard.processor.StandardRemovableAttributeTagProcessor
[THYMELEAF]             * [* {th:challenge,data-th-challenge}] [1000]: org.thymeleaf.standard.processor.StandardRemovableAttributeTagProcessor
[THYMELEAF]             * [* {th:min,data-th-min}] [1000]: org.thymeleaf.standard.processor.StandardRemovableAttributeTagProcessor
[THYMELEAF]             * [* {th:usemap,data-th-usemap}] [1000]: org.thymeleaf.standard.processor.StandardRemovableAttributeTagProcessor
[THYMELEAF]             * [* {th:pattern,data-th-pattern}] [1000]: org.thymeleaf.standard.processor.StandardRemovableAttributeTagProcessor
[THYMELEAF]             * [* {th:headers,data-th-headers}] [1000]: org.thymeleaf.standard.processor.StandardRemovableAttributeTagProcessor
[THYMELEAF]             * [* {th:align,data-th-align}] [1000]: org.thymeleaf.standard.processor.StandardRemovableAttributeTagProcessor
[THYMELEAF]             * [* {th:manifest,data-th-manifest}] [1000]: org.thymeleaf.standard.processor.StandardRemovableAttributeTagProcessor
[THYMELEAF]             * [* {th:rev,data-th-rev}] [1000]: org.thymeleaf.standard.processor.StandardRemovableAttributeTagProcessor
[THYMELEAF]             * [* {th:size,data-th-size}] [1000]: org.thymeleaf.standard.processor.StandardRemovableAttributeTagProcessor
[THYMELEAF]             * [* {th:background,data-th-background}] [1000]: org.thymeleaf.standard.processor.StandardRemovableAttributeTagProcessor
[THYMELEAF]             * [* {th:rowspan,data-th-rowspan}] [1000]: org.thymeleaf.standard.processor.StandardRemovableAttributeTagProcessor
[THYMELEAF]             * [* {th:cite,data-th-cite}] [1000]: org.thymeleaf.standard.processor.StandardRemovableAttributeTagProcessor
[THYMELEAF]             * [* {th:charset,data-th-charset}] [1000]: org.thymeleaf.standard.processor.StandardRemovableAttributeTagProcessor
[THYMELEAF]             * [* {th:longdesc,data-th-longdesc}] [1000]: org.thymeleaf.standard.processor.StandardRemovableAttributeTagProcessor
[THYMELEAF]             * [* {th:max,data-th-max}] [1000]: org.thymeleaf.standard.processor.StandardRemovableAttributeTagProcessor
[THYMELEAF]             * [* {th:accept,data-th-accept}] [1000]: org.thymeleaf.standard.processor.StandardRemovableAttributeTagProcessor
[THYMELEAF]             * [* {th:formmethod,data-th-formmethod}] [1000]: org.thymeleaf.standard.processor.StandardRemovableAttributeTagProcessor
[THYMELEAF]             * [* {th:low,data-th-low}] [1000]: org.thymeleaf.standard.processor.StandardRemovableAttributeTagProcessor
[THYMELEAF]             * [* {th:dir,data-th-dir}] [1000]: org.thymeleaf.standard.processor.StandardRemovableAttributeTagProcessor
[THYMELEAF]             * [* {th:autocomplete,data-th-autocomplete}] [1000]: org.thymeleaf.standard.processor.StandardRemovableAttributeTagProcessor
[THYMELEAF]             * [* {th:sandbox,data-th-sandbox}] [1000]: org.thymeleaf.standard.processor.StandardRemovableAttributeTagProcessor
[THYMELEAF]             * [* {th:scheme,data-th-scheme}] [1000]: org.thymeleaf.standard.processor.StandardRemovableAttributeTagProcessor
[THYMELEAF]             * [* {th:cellspacing,data-th-cellspacing}] [1000]: org.thymeleaf.standard.processor.StandardRemovableAttributeTagProcessor
[THYMELEAF]             * [* {th:marginwidth,data-th-marginwidth}] [1000]: org.thymeleaf.standard.processor.StandardRemovableAttributeTagProcessor
[THYMELEAF]             * [* {th:standby,data-th-standby}] [1000]: org.thymeleaf.standard.processor.StandardRemovableAttributeTagProcessor
[THYMELEAF]             * [* {th:placeholder,data-th-placeholder}] [1000]: org.thymeleaf.standard.processor.StandardRemovableAttributeTagProcessor
[THYMELEAF]             * [* {th:sizes,data-th-sizes}] [1000]: org.thymeleaf.standard.processor.StandardRemovableAttributeTagProcessor
[THYMELEAF]             * [* {th:optimum,data-th-optimum}] [1000]: org.thymeleaf.standard.processor.StandardRemovableAttributeTagProcessor
[THYMELEAF]             * [* {th:bgcolor,data-th-bgcolor}] [1000]: org.thymeleaf.standard.processor.StandardRemovableAttributeTagProcessor
[THYMELEAF]             * [* {th:target,data-th-target}] [1000]: org.thymeleaf.standard.processor.StandardRemovableAttributeTagProcessor
[THYMELEAF]             * [* {th:class,data-th-class}] [1000]: org.thymeleaf.standard.processor.StandardRemovableAttributeTagProcessor
[THYMELEAF]             * [* {th:hreflang,data-th-hreflang}] [1000]: org.thymeleaf.standard.processor.StandardRemovableAttributeTagProcessor
[THYMELEAF]             * [* {th:radiogroup,data-th-radiogroup}] [1000]: org.thymeleaf.standard.processor.StandardRemovableAttributeTagProcessor
[THYMELEAF]             * [* {th:contenteditable,data-th-contenteditable}] [1000]: org.thymeleaf.standard.processor.StandardRemovableAttributeTagProcessor
[THYMELEAF]             * [* {th:high,data-th-high}] [1000]: org.thymeleaf.standard.processor.StandardRemovableAttributeTagProcessor
[THYMELEAF]             * [* {th:tabindex,data-th-tabindex}] [1000]: org.thymeleaf.standard.processor.StandardRemovableAttributeTagProcessor
[THYMELEAF]             * [* {th:src,data-th-src}] [1000]: org.thymeleaf.standard.processor.StandardSrcTagProcessor
[THYMELEAF]             * [* {th:value,data-th-value}] [1000]: org.thymeleaf.standard.processor.StandardValueTagProcessor
[THYMELEAF]             * [* {th:xmlbase,data-th-xmlbase}] [1000]: org.thymeleaf.standard.processor.StandardXmlBaseTagProcessor
[THYMELEAF]             * [* {th:xmllang,data-th-xmllang}] [1000]: org.thymeleaf.standard.processor.StandardXmlLangTagProcessor
[THYMELEAF]             * [* {xmlns:th}] [1000]: org.thymeleaf.standard.processor.StandardXmlNsTagProcessor
[THYMELEAF]             * [* {th:xmlspace,data-th-xmlspace}] [1000]: org.thymeleaf.standard.processor.StandardXmlSpaceTagProcessor
[THYMELEAF]             * [* {th:classappend,data-th-classappend}] [1100]: org.thymeleaf.standard.processor.StandardClassappendTagProcessor
[THYMELEAF]             * [* {th:styleappend,data-th-styleappend}] [1100]: org.thymeleaf.standard.processor.StandardStyleappendTagProcessor
[THYMELEAF]             * [* {th:text,data-th-text}] [1300]: org.thymeleaf.standard.processor.StandardTextTagProcessor
[THYMELEAF]             * [* {th:utext,data-th-utext}] [1400]: org.thymeleaf.standard.processor.StandardUtextTagProcessor
[THYMELEAF]             * [* {th:fragment,data-th-fragment}] [1500]: org.thymeleaf.standard.processor.StandardFragmentTagProcessor
[THYMELEAF]             * [* {th:assert,data-th-assert}] [1550]: org.thymeleaf.standard.processor.StandardAssertTagProcessor
[THYMELEAF]             * [* {th:remove,data-th-remove}] [1600]: org.thymeleaf.standard.processor.StandardRemoveTagProcessor
[THYMELEAF]             * [* {th:ref,data-th-ref}] [10000]: org.thymeleaf.standard.processor.StandardRefAttributeTagProcessor
[THYMELEAF]             * [{th:block,th-block} *] [100000]: org.thymeleaf.standard.processor.StandardBlockTagProcessor
[THYMELEAF]             * [* th:*] [2147483647]: org.thymeleaf.standard.processor.StandardDefaultAttributesTagProcessor
[THYMELEAF]         * Text Processors by [precedence]:
[THYMELEAF]             * [1000]: org.thymeleaf.standard.processor.StandardInliningTextProcessor
[THYMELEAF]         * DOCTYPE Processors by [precedence]:
[THYMELEAF]             * [1000]: org.thymeleaf.standard.processor.StandardTranslationDocTypeProcessor
[THYMELEAF]         * CDATA Section Processors by [precedence]:
[THYMELEAF]             * [1000]: org.thymeleaf.standard.processor.StandardInliningCDATASectionProcessor
[THYMELEAF]         * Comment Processors by [precedence]:
[THYMELEAF]             * [1000]: org.thymeleaf.standard.processor.StandardInliningCommentProcessor
[THYMELEAF]             * [1100]: org.thymeleaf.standard.processor.StandardConditionalCommentProcessor
[THYMELEAF]     * Processors for Template Mode: XML
[THYMELEAF]         * Element Tag Processors by [matching element and attribute name] [precedence]:
[THYMELEAF]             * [* {th:include}] [100]: org.thymeleaf.standard.processor.StandardIncludeTagProcessor
[THYMELEAF]             * [* {th:insert}] [100]: org.thymeleaf.standard.processor.StandardInsertTagProcessor
[THYMELEAF]             * [* {th:replace}] [100]: org.thymeleaf.standard.processor.StandardReplaceTagProcessor
[THYMELEAF]             * [* {th:each}] [200]: com.intuit.karate.template.KarateEachTagProcessor
[THYMELEAF]             * [* {th:switch}] [250]: org.thymeleaf.standard.processor.StandardSwitchTagProcessor
[THYMELEAF]             * [* {th:case}] [275]: org.thymeleaf.standard.processor.StandardCaseTagProcessor
[THYMELEAF]             * [* {th:if}] [300]: org.thymeleaf.standard.processor.StandardIfTagProcessor
[THYMELEAF]             * [* {th:unless}] [400]: org.thymeleaf.standard.processor.StandardUnlessTagProcessor
[THYMELEAF]             * [* {th:object}] [500]: org.thymeleaf.standard.processor.StandardObjectTagProcessor
[THYMELEAF]             * [* {th:with}] [600]: com.intuit.karate.template.KarateWithTagProcessor
[THYMELEAF]             * [* {th:attr}] [700]: com.intuit.karate.template.KarateAttributeTagProcessor.KarateAttrTagProcessor
[THYMELEAF]             * [* {th:attrappend}] [900]: com.intuit.karate.template.KarateAttributeTagProcessor.KarateAttrappendTagProcessor
[THYMELEAF]             * [* {th:attrprepend}] [900]: com.intuit.karate.template.KarateAttributeTagProcessor.KarateAttrprependTagProcessor
[THYMELEAF]             * [* {th:inline}] [1000]: org.thymeleaf.standard.processor.StandardInlineXMLTagProcessor
[THYMELEAF]             * [* {xmlns:th}] [1000]: org.thymeleaf.standard.processor.StandardXmlNsTagProcessor
[THYMELEAF]             * [* {th:text}] [1300]: org.thymeleaf.standard.processor.StandardTextTagProcessor
[THYMELEAF]             * [* {th:utext}] [1400]: org.thymeleaf.standard.processor.StandardUtextTagProcessor
[THYMELEAF]             * [* {th:fragment}] [1500]: org.thymeleaf.standard.processor.StandardFragmentTagProcessor
[THYMELEAF]             * [* {th:assert}] [1550]: org.thymeleaf.standard.processor.StandardAssertTagProcessor
[THYMELEAF]             * [* {th:remove}] [1600]: org.thymeleaf.standard.processor.StandardRemoveTagProcessor
[THYMELEAF]             * [* {th:ref}] [10000]: org.thymeleaf.standard.processor.StandardRefAttributeTagProcessor
[THYMELEAF]             * [{th:block} *] [100000]: org.thymeleaf.standard.processor.StandardBlockTagProcessor
[THYMELEAF]             * [* th:*] [2147483647]: org.thymeleaf.standard.processor.StandardDefaultAttributesTagProcessor
[THYMELEAF]         * Text Processors by [precedence]:
[THYMELEAF]             * [1000]: org.thymeleaf.standard.processor.StandardInliningTextProcessor
[THYMELEAF]         * CDATA Section Processors by [precedence]:
[THYMELEAF]             * [1000]: org.thymeleaf.standard.processor.StandardInliningCDATASectionProcessor
[THYMELEAF]         * Comment Processors by [precedence]:
[THYMELEAF]             * [1000]: org.thymeleaf.standard.processor.StandardInliningCommentProcessor
[THYMELEAF]     * Processors for Template Mode: TEXT
[THYMELEAF]         * Element Tag Processors by [matching element and attribute name] [precedence]:
[THYMELEAF]             * [* {th:insert}] [100]: org.thymeleaf.standard.processor.StandardInsertTagProcessor
[THYMELEAF]             * [* {th:replace}] [100]: org.thymeleaf.standard.processor.StandardReplaceTagProcessor
[THYMELEAF]             * [* {th:each}] [200]: com.intuit.karate.template.KarateEachTagProcessor
[THYMELEAF]             * [* {th:switch}] [250]: org.thymeleaf.standard.processor.StandardSwitchTagProcessor
[THYMELEAF]             * [* {th:case}] [275]: org.thymeleaf.standard.processor.StandardCaseTagProcessor
[THYMELEAF]             * [* {th:if}] [300]: org.thymeleaf.standard.processor.StandardIfTagProcessor
[THYMELEAF]             * [* {th:unless}] [400]: org.thymeleaf.standard.processor.StandardUnlessTagProcessor
[THYMELEAF]             * [* {th:object}] [500]: org.thymeleaf.standard.processor.StandardObjectTagProcessor
[THYMELEAF]             * [* {th:with}] [600]: com.intuit.karate.template.KarateWithTagProcessor
[THYMELEAF]             * [* {th:inline}] [1000]: org.thymeleaf.standard.processor.StandardInlineTextualTagProcessor
[THYMELEAF]             * [* {th:text}] [1300]: org.thymeleaf.standard.processor.StandardTextTagProcessor
[THYMELEAF]             * [* {th:utext}] [1400]: org.thymeleaf.standard.processor.StandardUtextTagProcessor
[THYMELEAF]             * [* {th:assert}] [1550]: org.thymeleaf.standard.processor.StandardAssertTagProcessor
[THYMELEAF]             * [* {th:remove}] [1600]: org.thymeleaf.standard.processor.StandardRemoveTagProcessor
[THYMELEAF]             * [{th:block} *] [100000]: org.thymeleaf.standard.processor.StandardBlockTagProcessor
[THYMELEAF]             * [* 100000] [org.thymeleaf.standard.processor.StandardBlockTagProcessor]: {}
[THYMELEAF]         * Text Processors by [precedence]:
[THYMELEAF]             * [1000]: org.thymeleaf.standard.processor.StandardInliningTextProcessor
[THYMELEAF]     * Processors for Template Mode: JAVASCRIPT
[THYMELEAF]         * Element Tag Processors by [matching element and attribute name] [precedence]:
[THYMELEAF]             * [* {th:insert}] [100]: org.thymeleaf.standard.processor.StandardInsertTagProcessor
[THYMELEAF]             * [* {th:replace}] [100]: org.thymeleaf.standard.processor.StandardReplaceTagProcessor
[THYMELEAF]             * [* {th:each}] [200]: com.intuit.karate.template.KarateEachTagProcessor
[THYMELEAF]             * [* {th:switch}] [250]: org.thymeleaf.standard.processor.StandardSwitchTagProcessor
[THYMELEAF]             * [* {th:case}] [275]: org.thymeleaf.standard.processor.StandardCaseTagProcessor
[THYMELEAF]             * [* {th:if}] [300]: org.thymeleaf.standard.processor.StandardIfTagProcessor
[THYMELEAF]             * [* {th:unless}] [400]: org.thymeleaf.standard.processor.StandardUnlessTagProcessor
[THYMELEAF]             * [* {th:object}] [500]: org.thymeleaf.standard.processor.StandardObjectTagProcessor
[THYMELEAF]             * [* {th:with}] [600]: com.intuit.karate.template.KarateWithTagProcessor
[THYMELEAF]             * [* {th:inline}] [1000]: org.thymeleaf.standard.processor.StandardInlineTextualTagProcessor
[THYMELEAF]             * [* {th:text}] [1300]: org.thymeleaf.standard.processor.StandardTextTagProcessor
[THYMELEAF]             * [* {th:utext}] [1400]: org.thymeleaf.standard.processor.StandardUtextTagProcessor
[THYMELEAF]             * [* {th:assert}] [1550]: org.thymeleaf.standard.processor.StandardAssertTagProcessor
[THYMELEAF]             * [* {th:remove}] [1600]: org.thymeleaf.standard.processor.StandardRemoveTagProcessor
[THYMELEAF]             * [{th:block} *] [100000]: org.thymeleaf.standard.processor.StandardBlockTagProcessor
[THYMELEAF]             * [* 100000] [org.thymeleaf.standard.processor.StandardBlockTagProcessor]: {}
[THYMELEAF]         * Text Processors by [precedence]:
[THYMELEAF]             * [1000]: org.thymeleaf.standard.processor.StandardInliningTextProcessor
[THYMELEAF]     * Processors for Template Mode: CSS
[THYMELEAF]         * Element Tag Processors by [matching element and attribute name] [precedence]:
[THYMELEAF]             * [* {th:insert}] [100]: org.thymeleaf.standard.processor.StandardInsertTagProcessor
[THYMELEAF]             * [* {th:replace}] [100]: org.thymeleaf.standard.processor.StandardReplaceTagProcessor
[THYMELEAF]             * [* {th:each}] [200]: com.intuit.karate.template.KarateEachTagProcessor
[THYMELEAF]             * [* {th:switch}] [250]: org.thymeleaf.standard.processor.StandardSwitchTagProcessor
[THYMELEAF]             * [* {th:case}] [275]: org.thymeleaf.standard.processor.StandardCaseTagProcessor
[THYMELEAF]             * [* {th:if}] [300]: org.thymeleaf.standard.processor.StandardIfTagProcessor
[THYMELEAF]             * [* {th:unless}] [400]: org.thymeleaf.standard.processor.StandardUnlessTagProcessor
[THYMELEAF]             * [* {th:object}] [500]: org.thymeleaf.standard.processor.StandardObjectTagProcessor
[THYMELEAF]             * [* {th:with}] [600]: com.intuit.karate.template.KarateWithTagProcessor
[THYMELEAF]             * [* {th:inline}] [1000]: org.thymeleaf.standard.processor.StandardInlineTextualTagProcessor
[THYMELEAF]             * [* {th:text}] [1300]: org.thymeleaf.standard.processor.StandardTextTagProcessor
[THYMELEAF]             * [* {th:utext}] [1400]: org.thymeleaf.standard.processor.StandardUtextTagProcessor
[THYMELEAF]             * [* {th:assert}] [1550]: org.thymeleaf.standard.processor.StandardAssertTagProcessor
[THYMELEAF]             * [* {th:remove}] [1600]: org.thymeleaf.standard.processor.StandardRemoveTagProcessor
[THYMELEAF]             * [* 100000] [org.thymeleaf.standard.processor.StandardBlockTagProcessor]: {}
[THYMELEAF]             * [{th:block} *] [100000]: org.thymeleaf.standard.processor.StandardBlockTagProcessor
[THYMELEAF]         * Text Processors by [precedence]:
[THYMELEAF]             * [1000]: org.thymeleaf.standard.processor.StandardInliningTextProcessor
[THYMELEAF]     * Expression Objects:
[THYMELEAF]         * #ctx
[THYMELEAF]         * #root
[THYMELEAF]         * #vars
[THYMELEAF]         * #object
[THYMELEAF]         * #locale
[THYMELEAF]         * #conversions
[THYMELEAF]         * #uris
[THYMELEAF]         * #temporals
[THYMELEAF]         * #calendars
[THYMELEAF]         * #dates
[THYMELEAF]         * #bools
[THYMELEAF]         * #numbers
[THYMELEAF]         * #objects
[THYMELEAF]         * #strings
[THYMELEAF]         * #arrays
[THYMELEAF]         * #lists
[THYMELEAF]         * #sets
[THYMELEAF]         * #maps
[THYMELEAF]         * #aggregates
[THYMELEAF]         * #messages
[THYMELEAF]         * #ids
[THYMELEAF]         * #execInfo
[THYMELEAF]         * #request
[THYMELEAF]         * #response
[THYMELEAF]         * #session
[THYMELEAF]         * #servletContext
[THYMELEAF]     * Execution Attributes:
[THYMELEAF]         * "StandardExpressionParser": com.intuit.karate.template.KarateStandardDialect@10b3ea72
[THYMELEAF]         * "StandardJavaScriptSerializer": org.thymeleaf.standard.serializer.StandardJavaScriptSerializer@776a3365
[THYMELEAF]         * "StandardCSSSerializer": org.thymeleaf.standard.serializer.StandardCSSSerializer@c0521e5
[THYMELEAF]         * "StandardVariableExpressionEvaluator": com.intuit.karate.template.KarateStandardDialect@10b3ea72
[THYMELEAF]         * "StandardConversionService": org.thymeleaf.standard.expression.StandardConversionService@2e20c20b
[THYMELEAF] * Dialect [2 of 2]: karate (com.intuit.karate.template.KarateScriptDialect)
[THYMELEAF]     * Prefix: "ka"
[THYMELEAF]     * Processors for Template Mode: HTML
[THYMELEAF]         * Element Tag Processors by [matching element and attribute name] [precedence]:
[THYMELEAF]             * [* {src}] [1000]: com.intuit.karate.template.KaScriptAttrProcessor
[THYMELEAF]         * Element Model Processors by [matching element and attribute name] [precedence]:
[THYMELEAF]             * [{script} {ka:scope,data-ka-scope}] [1000]: com.intuit.karate.template.KaScriptElemProcessor
[THYMELEAF]             * [* {ka:set,data-ka-set}] [1000]: com.intuit.karate.template.KaSetElemProcessor
[THYMELEAF] TEMPLATE ENGINE CONFIGURED OK
09:41:01.734 [main] DEBUG org.thymeleaf.TemplateEngine -- [THYMELEAF] TEMPLATE ENGINE INITIALIZED

HTML report: (paste into browser to view) | Karate version: 1.4.1
file:///C:/Users/hherrera_iteggo/projects/qa-karate-api/target/karate-reports/karate-summary.html
===================================================================

]]></system-out>
  </testcase>
</testsuite>